[0703/022923.206:INFO:CONSOLE(8)] "Element Cookies A - The plugin Browser Cookies / element Cookies threw the following error: UnexpectedError Expected a string, but got a object (original data: {"admintu_u1main":"1625272160571x315759946207665660"})
    at D (https://dhtiece9044ep.cloudfront.net/package/run_js/c85af7ab00313a390acc8239c61ce4102b07323628ccaa417cae8be826f5785d/xfalse/x14:8:489796)
    at Object.JS_to_bubble (https://dhtiece9044ep.cloudfront.net/package/run_js/c85af7ab00313a390acc8239c61ce4102b07323628ccaa417cae8be826f5785d/xfalse/x14:8:496341) (please report this to the plugin author)
 [object Object]", source: https://dhtiece9044ep.cloudfront.net/package/run_js/c85af7ab00313a390acc8239c61ce4102b07323628ccaa417cae8be826f5785d/xfalse/x14 (8)
[0703/022923.366:INFO:CONSOLE(8)] "page is loaded after 0.731 seconds", source: https://dhtiece9044ep.cloudfront.net/package/run_js/c85af7ab00313a390acc8239c61ce4102b07323628ccaa417cae8be826f5785d/xfalse/x14 (8)
[0703/024912.637:INFO:CONSOLE(8)] "page is loaded after 0.604 seconds", source: https://dhtiece9044ep.cloudfront.net/package/run_js/c85af7ab00313a390acc8239c61ce4102b07323628ccaa417cae8be826f5785d/xfalse/x14 (8)
[0703/025004.988:INFO:CONSOLE(8)] "page is loaded after 0.503 seconds", source: https://dhtiece9044ep.cloudfront.net/package/run_js/c85af7ab00313a390acc8239c61ce4102b07323628ccaa417cae8be826f5785d/xfalse/x14 (8)
[0703/040932.964:INFO:CONSOLE(8)] "The plugin Browser Cookies is published under a commercial license and this app does not have a subscription. Please subscribe in the editor.
 [object Object]", source: https://dhtiece9044ep.cloudfront.net/package/run_js/c85af7ab00313a390acc8239c61ce4102b07323628ccaa417cae8be826f5785d/xfalse/x14 (8)
[0703/040933.224:INFO:CONSOLE(8)] "page is loaded after 0.892 seconds", source: https://dhtiece9044ep.cloudfront.net/package/run_js/c85af7ab00313a390acc8239c61ce4102b07323628ccaa417cae8be826f5785d/xfalse/x14 (8)
[0703/041055.774:INFO:CONSOLE(8)] "The plugin Browser Cookies is published under a commercial license and this app does not have a subscription. Please subscribe in the editor.
 [object Object]", source: https://dhtiece9044ep.cloudfront.net/package/run_js/c85af7ab00313a390acc8239c61ce4102b07323628ccaa417cae8be826f5785d/xfalse/x14 (8)
[0703/041056.024:INFO:CONSOLE(8)] "page is loaded after 0.451 seconds", source: https://dhtiece9044ep.cloudfront.net/package/run_js/c85af7ab00313a390acc8239c61ce4102b07323628ccaa417cae8be826f5785d/xfalse/x14 (8)
[0703/041324.850:INFO:CONSOLE(8)] "page is loaded after 0.819 seconds", source: https://dhtiece9044ep.cloudfront.net/package/run_js/c85af7ab00313a390acc8239c61ce4102b07323628ccaa417cae8be826f5785d/xfalse/x14 (8)
[0703/041439.122:INFO:CONSOLE(8)] "PLEASE REFRESH: last change 5732613596 5732608297", source: https://dhtiece9044ep.cloudfront.net/package/run_js/c85af7ab00313a390acc8239c61ce4102b07323628ccaa417cae8be826f5785d/xfalse/x14 (8)
[0703/041441.580:INFO:CONSOLE(8)] "page is loaded after 1.259 seconds", source: https://dhtiece9044ep.cloudfront.net/package/run_js/c85af7ab00313a390acc8239c61ce4102b07323628ccaa417cae8be826f5785d/xfalse/x14 (8)
[0703/041524.712:INFO:CONSOLE(8)] "page is loaded after 0.474 seconds", source: https://dhtiece9044ep.cloudfront.net/package/run_js/c85af7ab00313a390acc8239c61ce4102b07323628ccaa417cae8be826f5785d/xfalse/x14 (8)
[0703/041527.062:INFO:CONSOLE(8)] "page is loaded after 0.395 seconds", source: https://dhtiece9044ep.cloudfront.net/package/run_js/c85af7ab00313a390acc8239c61ce4102b07323628ccaa417cae8be826f5785d/xfalse/x14 (8)
[0703/041529.147:INFO:CONSOLE(8)] "page is loaded after 0.352 seconds", source: https://dhtiece9044ep.cloudfront.net/package/run_js/c85af7ab00313a390acc8239c61ce4102b07323628ccaa417cae8be826f5785d/xfalse/x14 (8)
[0703/041542.532:INFO:CONSOLE(8)] "page is loaded after 0.49 seconds", source: https://dhtiece9044ep.cloudfront.net/package/run_js/c85af7ab00313a390acc8239c61ce4102b07323628ccaa417cae8be826f5785d/xfalse/x14 (8)
[0703/041602.867:INFO:CONSOLE(8)] "PLEASE REFRESH: last change 5732618751 5732613596", source: https://dhtiece9044ep.cloudfront.net/package/run_js/c85af7ab00313a390acc8239c61ce4102b07323628ccaa417cae8be826f5785d/xfalse/x14 (8)
[0703/041605.277:INFO:CONSOLE(8)] "page is loaded after 1.146 seconds", source: https://dhtiece9044ep.cloudfront.net/package/run_js/c85af7ab00313a390acc8239c61ce4102b07323628ccaa417cae8be826f5785d/xfalse/x14 (8)
[0703/043038.795:INFO:CONSOLE(8)] "page is loaded after 0.606 seconds", source: https://dhtiece9044ep.cloudfront.net/package/run_js/c85af7ab00313a390acc8239c61ce4102b07323628ccaa417cae8be826f5785d/xfalse/x14 (8)
[0703/043121.291:INFO:CONSOLE(8)] "PLEASE REFRESH: last change 5732672261 5732667896", source: https://dhtiece9044ep.cloudfront.net/package/run_js/c85af7ab00313a390acc8239c61ce4102b07323628ccaa417cae8be826f5785d/xfalse/x14 (8)
[0703/043123.624:INFO:CONSOLE(8)] "page is loaded after 1.163 seconds", source: https://dhtiece9044ep.cloudfront.net/package/run_js/c85af7ab00313a390acc8239c61ce4102b07323628ccaa417cae8be826f5785d/xfalse/x14 (8)
[0703/043139.470:ERROR:network_service_instance_impl.cc(331)] Network service crashed, restarting service.
[0703/043139.471:INFO:CONSOLE(8)] "WebSocket connection to 'wss://notify.bubble.is/' failed: ", source: https://dhtiece9044ep.cloudfront.net/package/run_js/c85af7ab00313a390acc8239c61ce4102b07323628ccaa417cae8be826f5785d/xfalse/x14 (8)
[0703/043139.476:INFO:CONSOLE(8)] "notifier_client.coffee: got error from socket: undefined", source: https://dhtiece9044ep.cloudfront.net/package/run_js/c85af7ab00313a390acc8239c61ce4102b07323628ccaa417cae8be826f5785d/xfalse/x14 (8)
[0703/043319.493:INFO:CONSOLE(8)] "page is loaded after 0.643 seconds", source: https://dhtiece9044ep.cloudfront.net/package/run_js/c85af7ab00313a390acc8239c61ce4102b07323628ccaa417cae8be826f5785d/xfalse/x14 (8)
[0703/043349.976:INFO:CONSOLE(8)] "page is loaded after 0.454 seconds", source: https://dhtiece9044ep.cloudfront.net/package/run_js/c85af7ab00313a390acc8239c61ce4102b07323628ccaa417cae8be826f5785d/xfalse/x14 (8)
[0703/043415.815:INFO:CONSOLE(8)] "page is loaded after 0.469 seconds", source: https://dhtiece9044ep.cloudfront.net/package/run_js/c85af7ab00313a390acc8239c61ce4102b07323628ccaa417cae8be826f5785d/xfalse/x14 (8)
[0703/043502.163:INFO:CONSOLE(8)] "PLEASE REFRESH: last change 5732684249 5732676086", source: https://dhtiece9044ep.cloudfront.net/package/run_js/c85af7ab00313a390acc8239c61ce4102b07323628ccaa417cae8be826f5785d/xfalse/x14 (8)
[0703/043505.312:INFO:CONSOLE(8)] "page is loaded after 1.951 seconds", source: https://dhtiece9044ep.cloudfront.net/package/run_js/c85af7ab00313a390acc8239c61ce4102b07323628ccaa417cae8be826f5785d/xfalse/x14 (8)
[0703/043737.411:INFO:CONSOLE(8)] "page is loaded after 0.629 seconds", source: https://dhtiece9044ep.cloudfront.net/package/run_js/c85af7ab00313a390acc8239c61ce4102b07323628ccaa417cae8be826f5785d/xfalse/x14 (8)
[0703/044240.965:INFO:CONSOLE(8)] "page is loaded after 0.61 seconds", source: https://dhtiece9044ep.cloudfront.net/package/run_js/c85af7ab00313a390acc8239c61ce4102b07323628ccaa417cae8be826f5785d/xfalse/x14 (8)
[0703/044304.051:INFO:CONSOLE(8)] "page is loaded after 0.49 seconds", source: https://dhtiece9044ep.cloudfront.net/package/run_js/c85af7ab00313a390acc8239c61ce4102b07323628ccaa417cae8be826f5785d/xfalse/x14 (8)
[0703/044434.473:INFO:CONSOLE(8)] "page is loaded after 0.475 seconds", source: https://dhtiece9044ep.cloudfront.net/package/run_js/c85af7ab00313a390acc8239c61ce4102b07323628ccaa417cae8be826f5785d/xfalse/x14 (8)
[0703/044507.218:INFO:CONSOLE(8)] "page is loaded after 0.654 seconds", source: https://dhtiece9044ep.cloudfront.net/package/run_js/c85af7ab00313a390acc8239c61ce4102b07323628ccaa417cae8be826f5785d/xfalse/x14 (8)
[0703/044624.778:INFO:CONSOLE(8)] "page is loaded after 0.444 seconds", source: https://dhtiece9044ep.cloudfront.net/package/run_js/c85af7ab00313a390acc8239c61ce4102b07323628ccaa417cae8be826f5785d/xfalse/x14 (8)
[0703/044851.891:INFO:CONSOLE(8)] "page is loaded after 0.459 seconds", source: https://dhtiece9044ep.cloudfront.net/package/run_js/c85af7ab00313a390acc8239c61ce4102b07323628ccaa417cae8be826f5785d/xfalse/x14 (8)
[0703/044856.055:INFO:CONSOLE(8)] "PLEASE REFRESH: last change 5732732196 5732726825", source: https://dhtiece9044ep.cloudfront.net/package/run_js/c85af7ab00313a390acc8239c61ce4102b07323628ccaa417cae8be826f5785d/xfalse/x14 (8)
[0703/044858.329:INFO:CONSOLE(8)] "page is loaded after 1.26 seconds", source: https://dhtiece9044ep.cloudfront.net/package/run_js/c85af7ab00313a390acc8239c61ce4102b07323628ccaa417cae8be826f5785d/xfalse/x14 (8)
[0703/044909.503:INFO:CONSOLE(8)] "PLEASE REFRESH: last change 5732732835 5732732196", source: https://dhtiece9044ep.cloudfront.net/package/run_js/c85af7ab00313a390acc8239c61ce4102b07323628ccaa417cae8be826f5785d/xfalse/x14 (8)
[0703/044911.725:INFO:CONSOLE(8)] "page is loaded after 1.185 seconds", source: https://dhtiece9044ep.cloudfront.net/package/run_js/c85af7ab00313a390acc8239c61ce4102b07323628ccaa417cae8be826f5785d/xfalse/x14 (8)
[0703/044925.924:INFO:CONSOLE(8)] "PLEASE REFRESH: last change 5732733790 5732732835", source: https://dhtiece9044ep.cloudfront.net/package/run_js/c85af7ab00313a390acc8239c61ce4102b07323628ccaa417cae8be826f5785d/xfalse/x14 (8)
[0703/044928.267:INFO:CONSOLE(8)] "page is loaded after 1.264 seconds", source: https://dhtiece9044ep.cloudfront.net/package/run_js/c85af7ab00313a390acc8239c61ce4102b07323628ccaa417cae8be826f5785d/xfalse/x14 (8)
[0703/045049.700:ERROR:gpu_init.cc(440)] Passthrough is not supported, GL is disabled
[0703/045202.296:INFO:CONSOLE(8)] "PLEASE REFRESH: last change 5732742140 5732733790", source: https://dhtiece9044ep.cloudfront.net/package/run_js/c85af7ab00313a390acc8239c61ce4102b07323628ccaa417cae8be826f5785d/xfalse/x14 (8)
[0703/045204.824:INFO:CONSOLE(8)] "page is loaded after 1.325 seconds", source: https://dhtiece9044ep.cloudfront.net/package/run_js/c85af7ab00313a390acc8239c61ce4102b07323628ccaa417cae8be826f5785d/xfalse/x14 (8)
[0703/045333.129:INFO:CONSOLE(8)] "page is loaded after 0.633 seconds", source: https://dhtiece9044ep.cloudfront.net/package/run_js/c85af7ab00313a390acc8239c61ce4102b07323628ccaa417cae8be826f5785d/xfalse/x14 (8)
[0703/045452.334:INFO:CONSOLE(8)] "page is loaded after 0.487 seconds", source: https://dhtiece9044ep.cloudfront.net/package/run_js/c85af7ab00313a390acc8239c61ce4102b07323628ccaa417cae8be826f5785d/xfalse/x14 (8)
[0703/045504.992:INFO:CONSOLE(8)] "page is loaded after 0.497 seconds", source: https://dhtiece9044ep.cloudfront.net/package/run_js/c85af7ab00313a390acc8239c61ce4102b07323628ccaa417cae8be826f5785d/xfalse/x14 (8)
[0703/045530.805:INFO:CONSOLE(8)] "page is loaded after 0.495 seconds", source: https://dhtiece9044ep.cloudfront.net/package/run_js/c85af7ab00313a390acc8239c61ce4102b07323628ccaa417cae8be826f5785d/xfalse/x14 (8)
[0703/045542.284:INFO:CONSOLE(8)] "page is loaded after 0.495 seconds", source: https://dhtiece9044ep.cloudfront.net/package/run_js/c85af7ab00313a390acc8239c61ce4102b07323628ccaa417cae8be826f5785d/xfalse/x14 (8)
[0703/045634.881:INFO:CONSOLE(8)] "page is loaded after 0.476 seconds", source: https://dhtiece9044ep.cloudfront.net/package/run_js/c85af7ab00313a390acc8239c61ce4102b07323628ccaa417cae8be826f5785d/xfalse/x14 (8)
[0703/045807.354:INFO:CONSOLE(8)] "page is loaded after 0.589 seconds", source: https://dhtiece9044ep.cloudfront.net/package/run_js/c85af7ab00313a390acc8239c61ce4102b07323628ccaa417cae8be826f5785d/xfalse/x14 (8)
[0703/050004.985:ERROR:gpu_init.cc(440)] Passthrough is not supported, GL is disabled
[0703/050525.096:INFO:CONSOLE(8)] "PLEASE REFRESH: last change 5732785221 5732742140", source: https://dhtiece9044ep.cloudfront.net/package/run_js/c85af7ab00313a390acc8239c61ce4102b07323628ccaa417cae8be826f5785d/xfalse/x14 (8)
[0703/050528.531:INFO:CONSOLE(8)] "page is loaded after 1.636 seconds", source: https://dhtiece9044ep.cloudfront.net/package/run_js/c85af7ab00313a390acc8239c61ce4102b07323628ccaa417cae8be826f5785d/xfalse/x14 (8)
[0703/050651.213:INFO:CONSOLE(8)] "PLEASE REFRESH: last change 5732789086 5732785221", source: https://dhtiece9044ep.cloudfront.net/package/run_js/c85af7ab00313a390acc8239c61ce4102b07323628ccaa417cae8be826f5785d/xfalse/x14 (8)
[0703/050653.575:INFO:CONSOLE(8)] "page is loaded after 1.266 seconds", source: https://dhtiece9044ep.cloudfront.net/package/run_js/c85af7ab00313a390acc8239c61ce4102b07323628ccaa417cae8be826f5785d/xfalse/x14 (8)
[0703/051221.881:INFO:CONSOLE(8)] "page is loaded after 0.6 seconds", source: https://dhtiece9044ep.cloudfront.net/package/run_js/c85af7ab00313a390acc8239c61ce4102b07323628ccaa417cae8be826f5785d/xfalse/x14 (8)
[0703/051302.654:INFO:CONSOLE(8)] "page is loaded after 0.467 seconds", source: https://dhtiece9044ep.cloudfront.net/package/run_js/c85af7ab00313a390acc8239c61ce4102b07323628ccaa417cae8be826f5785d/xfalse/x14 (8)
[0703/051346.351:INFO:CONSOLE(8)] "page is loaded after 0.478 seconds", source: https://dhtiece9044ep.cloudfront.net/package/run_js/c85af7ab00313a390acc8239c61ce4102b07323628ccaa417cae8be826f5785d/xfalse/x14 (8)
[0703/051452.014:INFO:CONSOLE(8)] "page is loaded after 0.508 seconds", source: https://dhtiece9044ep.cloudfront.net/package/run_js/c85af7ab00313a390acc8239c61ce4102b07323628ccaa417cae8be826f5785d/xfalse/x14 (8)
[0703/051501.584:INFO:CONSOLE(8)] "page is loaded after 0.459 seconds", source: https://dhtiece9044ep.cloudfront.net/package/run_js/c85af7ab00313a390acc8239c61ce4102b07323628ccaa417cae8be826f5785d/xfalse/x14 (8)
[0703/051555.824:INFO:CONSOLE(8)] "page is loaded after 0.466 seconds", source: https://dhtiece9044ep.cloudfront.net/package/run_js/c85af7ab00313a390acc8239c61ce4102b07323628ccaa417cae8be826f5785d/xfalse/x14 (8)
[0703/051753.637:ERROR:gpu_init.cc(440)] Passthrough is not supported, GL is disabled
[0703/051950.233:INFO:CONSOLE(8)] "PLEASE REFRESH: last change 5732825715 5732805310", source: https://dhtiece9044ep.cloudfront.net/package/run_js/c85af7ab00313a390acc8239c61ce4102b07323628ccaa417cae8be826f5785d/xfalse/x14 (8)
[0703/051953.041:INFO:CONSOLE(8)] "page is loaded after 1.595 seconds", source: https://dhtiece9044ep.cloudfront.net/package/run_js/c85af7ab00313a390acc8239c61ce4102b07323628ccaa417cae8be826f5785d/xfalse/x14 (8)
[0703/052040.890:INFO:CONSOLE(8)] "PLEASE REFRESH: last change 5732827614 5732825715", source: https://dhtiece9044ep.cloudfront.net/package/run_js/c85af7ab00313a390acc8239c61ce4102b07323628ccaa417cae8be826f5785d/xfalse/x14 (8)
[0703/052043.262:INFO:CONSOLE(8)] "page is loaded after 1.298 seconds", source: https://dhtiece9044ep.cloudfront.net/package/run_js/c85af7ab00313a390acc8239c61ce4102b07323628ccaa417cae8be826f5785d/xfalse/x14 (8)
[0703/052125.215:INFO:CONSOLE(8)] "PLEASE REFRESH: last change 5732829744 5732827614", source: https://dhtiece9044ep.cloudfront.net/package/run_js/c85af7ab00313a390acc8239c61ce4102b07323628ccaa417cae8be826f5785d/xfalse/x14 (8)
[0703/052127.576:INFO:CONSOLE(8)] "page is loaded after 1.262 seconds", source: https://dhtiece9044ep.cloudfront.net/package/run_js/c85af7ab00313a390acc8239c61ce4102b07323628ccaa417cae8be826f5785d/xfalse/x14 (8)
[0703/052155.240:INFO:CONSOLE(8)] "page is loaded after 0.637 seconds", source: https://dhtiece9044ep.cloudfront.net/package/run_js/c85af7ab00313a390acc8239c61ce4102b07323628ccaa417cae8be826f5785d/xfalse/x14 (8)
[0703/052238.785:INFO:CONSOLE(8)] "page is loaded after 0.619 seconds", source: https://dhtiece9044ep.cloudfront.net/package/run_js/c85af7ab00313a390acc8239c61ce4102b07323628ccaa417cae8be826f5785d/xfalse/x14 (8)
[0703/052252.872:INFO:CONSOLE(8)] "page is loaded after 0.488 seconds", source: https://dhtiece9044ep.cloudfront.net/package/run_js/c85af7ab00313a390acc8239c61ce4102b07323628ccaa417cae8be826f5785d/xfalse/x14 (8)
[0703/052308.358:INFO:CONSOLE(8)] "page is loaded after 0.485 seconds", source: https://dhtiece9044ep.cloudfront.net/package/run_js/c85af7ab00313a390acc8239c61ce4102b07323628ccaa417cae8be826f5785d/xfalse/x14 (8)
[0703/052341.552:INFO:CONSOLE(8)] "page is loaded after 0.647 seconds", source: https://dhtiece9044ep.cloudfront.net/package/run_js/c85af7ab00313a390acc8239c61ce4102b07323628ccaa417cae8be826f5785d/xfalse/x14 (8)
[0703/052429.208:INFO:CONSOLE(8)] "page is loaded after 0.492 seconds", source: https://dhtiece9044ep.cloudfront.net/package/run_js/c85af7ab00313a390acc8239c61ce4102b07323628ccaa417cae8be826f5785d/xfalse/x14 (8)
[0703/052507.452:INFO:CONSOLE(8)] "page is loaded after 0.514 seconds", source: https://dhtiece9044ep.cloudfront.net/package/run_js/c85af7ab00313a390acc8239c61ce4102b07323628ccaa417cae8be826f5785d/xfalse/x14 (8)
[0703/052525.724:INFO:CONSOLE(8)] "page is loaded after 0.491 seconds", source: https://dhtiece9044ep.cloudfront.net/package/run_js/c85af7ab00313a390acc8239c61ce4102b07323628ccaa417cae8be826f5785d/xfalse/x14 (8)
[0703/052659.701:INFO:CONSOLE(8)] "page is loaded after 0.505 seconds", source: https://dhtiece9044ep.cloudfront.net/package/run_js/c85af7ab00313a390acc8239c61ce4102b07323628ccaa417cae8be826f5785d/xfalse/x14 (8)
[0703/053130.285:INFO:CONSOLE(8)] "page is loaded after 0.647 seconds", source: https://dhtiece9044ep.cloudfront.net/package/run_js/c85af7ab00313a390acc8239c61ce4102b07323628ccaa417cae8be826f5785d/xfalse/x14 (8)
[0703/053309.905:INFO:CONSOLE(8)] "page is loaded after 0.642 seconds", source: https://dhtiece9044ep.cloudfront.net/package/run_js/c85af7ab00313a390acc8239c61ce4102b07323628ccaa417cae8be826f5785d/xfalse/x14 (8)
[0703/053340.791:INFO:CONSOLE(8)] "page is loaded after 1.926 seconds", source: https://dhtiece9044ep.cloudfront.net/package/run_js/c85af7ab00313a390acc8239c61ce4102b07323628ccaa417cae8be826f5785d/xfalse/x14 (8)
[0703/053430.731:INFO:CONSOLE(8)] "page is loaded after 0.502 seconds", source: https://dhtiece9044ep.cloudfront.net/package/run_js/c85af7ab00313a390acc8239c61ce4102b07323628ccaa417cae8be826f5785d/xfalse/x14 (8)
[0703/053436.291:INFO:CONSOLE(8)] "PLEASE REFRESH: last change 5732871147 5732867777", source: https://dhtiece9044ep.cloudfront.net/package/run_js/c85af7ab00313a390acc8239c61ce4102b07323628ccaa417cae8be826f5785d/xfalse/x14 (8)
[0703/053441.446:INFO:CONSOLE(8)] "page is loaded after 0.474 seconds", source: https://dhtiece9044ep.cloudfront.net/package/run_js/c85af7ab00313a390acc8239c61ce4102b07323628ccaa417cae8be826f5785d/xfalse/x14 (8)
[0703/053454.272:INFO:CONSOLE(8)] "page is loaded after 0.469 seconds", source: https://dhtiece9044ep.cloudfront.net/package/run_js/c85af7ab00313a390acc8239c61ce4102b07323628ccaa417cae8be826f5785d/xfalse/x14 (8)
[0703/053601.703:INFO:CONSOLE(8)] "PLEASE REFRESH: last change 5732875090 5732871147", source: https://dhtiece9044ep.cloudfront.net/package/run_js/c85af7ab00313a390acc8239c61ce4102b07323628ccaa417cae8be826f5785d/xfalse/x14 (8)
[0703/053604.072:INFO:CONSOLE(8)] "page is loaded after 1.274 seconds", source: https://dhtiece9044ep.cloudfront.net/package/run_js/c85af7ab00313a390acc8239c61ce4102b07323628ccaa417cae8be826f5785d/xfalse/x14 (8)
[0703/053803.239:INFO:CONSOLE(116)] "Failed fetching darkmode setting from cache TypeError: Cannot read property 'darkmode' of null", source: https://www.vg.no/ (116)
[0703/053803.583:INFO:CONSOLE(1)] "AST library loaded: 0.33.0", source: https://www.vg.no/vgc/cdn/js/libs/ast/0.33.0/ast.js (1)
[0703/053803.864:INFO:CONSOLE(1)] "Messaging without detection successfully executed.", source: https://cmp.vg.no/messagingNoTcfApi.js (1)
[0703/053804.141:INFO:CONSOLE(1)] "%cVelkommen til Konsollens Gang color: #d00; font-size: 20px;", source: https://www.vg.no/frimand-api/experiments/hovedfront/production/0a6a1f/a.js?_=1610535190000 (1)
[0703/053804.141:INFO:CONSOLE(1)] "%cLiker du å være i konsollen? Det gjør vi også. Kom å snakk med oss da vel?
Join https://discord.gg/mwaTWpHSXv font-weight: bold; color: #d00; font-size: 12px", source: https://www.vg.no/frimand-api/experiments/hovedfront/production/261212/a.js?_=1621608410000 (1)
[0703/053804.142:INFO:CONSOLE(1)] "%cLyst til å spille Tic Tac Toe? Skriv startTTT(); i console. font-weight:bold; font-size: 24px", source: https://www.vg.no/frimand-api/experiments/hovedfront/production/d5dd58/a.js?_=1620294765000 (1)
[0703/053807.112:INFO:CONSOLE(0)] "The resource https://www.vg.no/vgc/font-spesial/frimand-fonts/druk201013/DrukText-Bold-Web.woff2 was preloaded using link preload but not used within a few seconds from the window's load event. Please make sure it has an appropriate `as` value and it is preloaded intentionally.", source: https://www.vg.no/ (0)
[0703/053819.003:INFO:CONSOLE(1)] "Uncaught (in promise) SDKError: HasSession failed", source: https://www.vg.no/vgc/frimand/js/account-sdk-browser.6837ef6d.chunk.js (1)
[0703/053819.010:INFO:CONSOLE(1)] "Cis sync initiated with no actor builder and no event available. If you do not use a login system, please indicate this using tracker.update({ actor: undefined }), otherwise do tracker.update({ actor: somePromise }) with a promise that resolves to the login state.", source: https://www.vg.no/vgc/frimand/js/vendors-node_modules_spt-tracking_pulse-sdk_dist_ejs_index_js.8b5300a9.chunk.js (1)
[0703/053819.616:INFO:CONSOLE(10)] "JW Player Warning 324003. For more information see https://developer.jwplayer.com/jw-player/docs/developer-guide/api/errors-reference#324003", source: https://cdn.stream.schibsted.media/jw/jwplayer-8.19.1/jwplayer.js (10)
[0703/053819.620:INFO:CONSOLE(10)] "JW Player Warning 324003. For more information see https://developer.jwplayer.com/jw-player/docs/developer-guide/api/errors-reference#324003", source: https://cdn.stream.schibsted.media/jw/jwplayer-8.19.1/jwplayer.js (10)
[0703/053819.622:INFO:CONSOLE(10)] "JW Player Warning 324003. For more information see https://developer.jwplayer.com/jw-player/docs/developer-guide/api/errors-reference#324003", source: https://cdn.stream.schibsted.media/jw/jwplayer-8.19.1/jwplayer.js (10)
[0703/053819.624:INFO:CONSOLE(10)] "JW Player Warning 324003. For more information see https://developer.jwplayer.com/jw-player/docs/developer-guide/api/errors-reference#324003", source: https://cdn.stream.schibsted.media/jw/jwplayer-8.19.1/jwplayer.js (10)
[0703/053829.784:INFO:CONSOLE(116)] "Failed fetching darkmode setting from cache TypeError: Cannot read property 'value' of undefined", source: https://www.vg.no/ (116)
[0703/053829.921:INFO:CONSOLE(1)] "AST library loaded: 0.33.0", source: https://www.vg.no/vgc/cdn/js/libs/ast/0.33.0/ast.js (1)
[0703/053830.150:INFO:CONSOLE(1)] "Messaging without detection successfully executed.", source: https://cmp.vg.no/messagingNoTcfApi.js (1)
[0703/053830.271:INFO:CONSOLE(1)] "%cVelkommen til Konsollens Gang color: #d00; font-size: 20px;", source: https://www.vg.no/frimand-api/experiments/hovedfront/production/0a6a1f/a.js?_=1610535190000 (1)
[0703/053830.271:INFO:CONSOLE(1)] "%cLiker du å være i konsollen? Det gjør vi også. Kom å snakk med oss da vel?
Join https://discord.gg/mwaTWpHSXv font-weight: bold; color: #d00; font-size: 12px", source: https://www.vg.no/frimand-api/experiments/hovedfront/production/261212/a.js?_=1621608410000 (1)
[0703/053830.275:INFO:CONSOLE(1)] "%cLyst til å spille Tic Tac Toe? Skriv startTTT(); i console. font-weight:bold; font-size: 24px", source: https://www.vg.no/frimand-api/experiments/hovedfront/production/d5dd58/a.js?_=1620294765000 (1)
[0703/053833.251:INFO:CONSOLE(0)] "The resource https://www.vg.no/vgc/font-spesial/frimand-fonts/druk201013/DrukText-Bold-Web.woff2 was preloaded using link preload but not used within a few seconds from the window's load event. Please make sure it has an appropriate `as` value and it is preloaded intentionally.", source: https://www.vg.no/ (0)
[0703/053853.018:INFO:CONSOLE(1)] "AST library loaded: 0.40.0", source: https://acdn.adnxs-simple.com/ast/ast.js (1)
[0703/053853.806:INFO:CONSOLE(1)] "isSpidUser null", source: https://static.polarismedia.no/resources/min-js/personvern.js?1237 (1)
[0703/053853.806:INFO:CONSOLE(1)] "init", source: https://static.polarismedia.no/resources/min-js/personvern.js?1237 (1)
[0703/053853.806:INFO:CONSOLE(1)] "UserCheck: false", source: https://static.polarismedia.no/resources/min-js/personvern.js?1237 (1)
[0703/053900.208:INFO:CONSOLE(1)] "AST library loaded: 0.40.0", source: https://acdn.adnxs-simple.com/ast/ast.js (1)
[0703/053901.758:INFO:CONSOLE(1)] "isSpidUser null", source: https://static.polarismedia.no/resources/min-js/personvern.js?1237 (1)
[0703/053901.758:INFO:CONSOLE(1)] "init", source: https://static.polarismedia.no/resources/min-js/personvern.js?1237 (1)
[0703/053901.758:INFO:CONSOLE(1)] "UserCheck: false", source: https://static.polarismedia.no/resources/min-js/personvern.js?1237 (1)
[0703/053950.578:INFO:CONSOLE(1)] "AST library loaded: 0.40.0", source: https://acdn.adnxs-simple.com/ast/ast.js (1)
[0703/053951.983:INFO:CONSOLE(1)] "isSpidUser null", source: https://static.polarismedia.no/resources/min-js/personvern.js?1237 (1)
[0703/053951.983:INFO:CONSOLE(1)] "init", source: https://static.polarismedia.no/resources/min-js/personvern.js?1237 (1)
[0703/053951.983:INFO:CONSOLE(1)] "UserCheck: false", source: https://static.polarismedia.no/resources/min-js/personvern.js?1237 (1)
[0703/054004.842:WARNING:spdy_session.cc(3473)] Received WINDOW_UPDATE for invalid stream 9
[0703/054006.451:INFO:CONSOLE(116)] "Failed fetching darkmode setting from cache TypeError: Cannot read property 'darkmode' of null", source: https://www.vg.no/ (116)
[0703/054006.781:INFO:CONSOLE(1)] "AST library loaded: 0.33.0", source: https://www.vg.no/vgc/cdn/js/libs/ast/0.33.0/ast.js (1)
[0703/054007.105:INFO:CONSOLE(1)] "Messaging without detection successfully executed.", source: https://cmp.vg.no/messagingNoTcfApi.js (1)
[0703/054007.330:INFO:CONSOLE(1)] "%cVelkommen til Konsollens Gang color: #d00; font-size: 20px;", source: https://www.vg.no/frimand-api/experiments/hovedfront/production/0a6a1f/a.js?_=1610535190000 (1)
[0703/054007.331:INFO:CONSOLE(1)] "%cLyst til å spille Tic Tac Toe? Skriv startTTT(); i console. font-weight:bold; font-size: 24px", source: https://www.vg.no/frimand-api/experiments/hovedfront/production/d5dd58/a.js?_=1620294765000 (1)
[0703/054007.332:INFO:CONSOLE(1)] "%cLiker du å være i konsollen? Det gjør vi også. Kom å snakk med oss da vel?
Join https://discord.gg/mwaTWpHSXv font-weight: bold; color: #d00; font-size: 12px", source: https://www.vg.no/frimand-api/experiments/hovedfront/production/261212/a.js?_=1621608410000 (1)
[0703/054010.309:INFO:CONSOLE(0)] "The resource https://www.vg.no/vgc/font-spesial/frimand-fonts/druk201013/DrukText-Bold-Web.woff2 was preloaded using link preload but not used within a few seconds from the window's load event. Please make sure it has an appropriate `as` value and it is preloaded intentionally.", source: https://www.vg.no/ (0)
[0703/054206.108:ERROR:gpu_init.cc(440)] Passthrough is not supported, GL is disabled
[0703/054234.514:INFO:CONSOLE(116)] "Failed fetching darkmode setting from cache TypeError: Cannot read property 'darkmode' of null", source: https://www.vg.no/ (116)
[0703/054234.839:INFO:CONSOLE(1)] "AST library loaded: 0.33.0", source: https://www.vg.no/vgc/cdn/js/libs/ast/0.33.0/ast.js (1)
[0703/054235.236:INFO:CONSOLE(1)] "Messaging without detection successfully executed.", source: https://cmp.vg.no/messagingNoTcfApi.js (1)
[0703/054235.439:INFO:CONSOLE(1)] "%cVelkommen til Konsollens Gang color: #d00; font-size: 20px;", source: https://www.vg.no/frimand-api/experiments/hovedfront/production/0a6a1f/a.js?_=1610535190000 (1)
[0703/054235.439:INFO:CONSOLE(1)] "%cLiker du å være i konsollen? Det gjør vi også. Kom å snakk med oss da vel?
Join https://discord.gg/mwaTWpHSXv font-weight: bold; color: #d00; font-size: 12px", source: https://www.vg.no/frimand-api/experiments/hovedfront/production/261212/a.js?_=1621608410000 (1)
[0703/054235.440:INFO:CONSOLE(1)] "%cLyst til å spille Tic Tac Toe? Skriv startTTT(); i console. font-weight:bold; font-size: 24px", source: https://www.vg.no/frimand-api/experiments/hovedfront/production/d5dd58/a.js?_=1620294765000 (1)
[0703/054238.371:INFO:CONSOLE(0)] "The resource https://www.vg.no/vgc/font-spesial/frimand-fonts/druk201013/DrukText-Bold-Web.woff2 was preloaded using link preload but not used within a few seconds from the window's load event. Please make sure it has an appropriate `as` value and it is preloaded intentionally.", source: https://www.vg.no/ (0)
[0703/054641.741:INFO:CONSOLE(0)] "Autofocus processing was blocked because a document already has a focused element.", source: https://www.google.no/?gws_rd=ssl (0)
[0703/054659.297:INFO:CONSOLE(8)] "page is loaded after 0.613 seconds", source: https://dhtiece9044ep.cloudfront.net/package/run_js/c85af7ab00313a390acc8239c61ce4102b07323628ccaa417cae8be826f5785d/xfalse/x14 (8)
[0703/054805.682:INFO:CONSOLE(8)] "page is loaded after 0.493 seconds", source: https://dhtiece9044ep.cloudfront.net/package/run_js/c85af7ab00313a390acc8239c61ce4102b07323628ccaa417cae8be826f5785d/xfalse/x14 (8)
[0703/055003.434:ERROR:gpu_init.cc(440)] Passthrough is not supported, GL is disabled
[0703/055036.594:INFO:CONSOLE(8)] "page is loaded after 0.484 seconds", source: https://dhtiece9044ep.cloudfront.net/package/run_js/c85af7ab00313a390acc8239c61ce4102b07323628ccaa417cae8be826f5785d/xfalse/x14 (8)
[0703/055130.042:INFO:CONSOLE(8)] "PLEASE REFRESH: last change 5732923786 5732907785", source: https://dhtiece9044ep.cloudfront.net/package/run_js/c85af7ab00313a390acc8239c61ce4102b07323628ccaa417cae8be826f5785d/xfalse/x14 (8)
[0703/055132.227:INFO:CONSOLE(8)] "page is loaded after 0.958 seconds", source: https://dhtiece9044ep.cloudfront.net/package/run_js/c85af7ab00313a390acc8239c61ce4102b07323628ccaa417cae8be826f5785d/xfalse/x14 (8)
[0703/055201.249:INFO:CONSOLE(8)] "page is loaded after 0.595 seconds", source: https://dhtiece9044ep.cloudfront.net/package/run_js/c85af7ab00313a390acc8239c61ce4102b07323628ccaa417cae8be826f5785d/xfalse/x14 (8)
[0703/055344.970:INFO:CONSOLE(8)] "page is loaded after 0.459 seconds", source: https://dhtiece9044ep.cloudfront.net/package/run_js/c85af7ab00313a390acc8239c61ce4102b07323628ccaa417cae8be826f5785d/xfalse/x14 (8)
[0703/055358.864:ERROR:gpu_init.cc(440)] Passthrough is not supported, GL is disabled
[0703/055518.828:INFO:CONSOLE(8)] "page is loaded after 0.448 seconds", source: https://dhtiece9044ep.cloudfront.net/package/run_js/c85af7ab00313a390acc8239c61ce4102b07323628ccaa417cae8be826f5785d/xfalse/x14 (8)
[0703/055526.981:INFO:CONSOLE(8)] "page is loaded after 0.404 seconds", source: https://dhtiece9044ep.cloudfront.net/package/run_js/c85af7ab00313a390acc8239c61ce4102b07323628ccaa417cae8be826f5785d/xfalse/x14 (8)
[0703/055531.045:INFO:CONSOLE(8)] "page is loaded after 0.422 seconds", source: https://dhtiece9044ep.cloudfront.net/package/run_js/c85af7ab00313a390acc8239c61ce4102b07323628ccaa417cae8be826f5785d/xfalse/x14 (8)
[0703/055610.656:INFO:CONSOLE(8)] "page is loaded after 0.49 seconds", source: https://dhtiece9044ep.cloudfront.net/package/run_js/c85af7ab00313a390acc8239c61ce4102b07323628ccaa417cae8be826f5785d/xfalse/x14 (8)
[0703/060756.205:INFO:CONSOLE(8)] "page is loaded after 0.597 seconds", source: https://dhtiece9044ep.cloudfront.net/package/run_js/c85af7ab00313a390acc8239c61ce4102b07323628ccaa417cae8be826f5785d/xfalse/x14 (8)
[0703/061514.878:INFO:CONSOLE(0)] "Autofocus processing was blocked because a document already has a focused element.", source: https://www.google.no/?gws_rd=ssl (0)
[0703/063109.715:INFO:CONSOLE(8)] "page is loaded after 0.587 seconds", source: https://dhtiece9044ep.cloudfront.net/package/run_js/c85af7ab00313a390acc8239c61ce4102b07323628ccaa417cae8be826f5785d/xfalse/x14 (8)
[0703/063152.096:INFO:CONSOLE(8)] "page is loaded after 0.434 seconds", source: https://dhtiece9044ep.cloudfront.net/package/run_js/c85af7ab00313a390acc8239c61ce4102b07323628ccaa417cae8be826f5785d/xfalse/x14 (8)
[0703/064107.472:INFO:CONSOLE(8)] "page is loaded after 0.572 seconds", source: https://dhtiece9044ep.cloudfront.net/package/run_js/c85af7ab00313a390acc8239c61ce4102b07323628ccaa417cae8be826f5785d/xfalse/x14 (8)
[0703/151754.198:INFO:CONSOLE(8)] "page is loaded after 0.683 seconds", source: https://dhtiece9044ep.cloudfront.net/package/run_js/c85af7ab00313a390acc8239c61ce4102b07323628ccaa417cae8be826f5785d/xfalse/x14 (8)
[0703/151949.852:ERROR:gpu_init.cc(440)] Passthrough is not supported, GL is disabled
[0703/152438.392:INFO:CONSOLE(8)] "page is loaded after 0.643 seconds", source: https://dhtiece9044ep.cloudfront.net/package/run_js/c85af7ab00313a390acc8239c61ce4102b07323628ccaa417cae8be826f5785d/xfalse/x14 (8)
[0703/152551.437:INFO:CONSOLE(8)] "page is loaded after 0.468 seconds", source: https://dhtiece9044ep.cloudfront.net/package/run_js/c85af7ab00313a390acc8239c61ce4102b07323628ccaa417cae8be826f5785d/xfalse/x14 (8)
[0703/152804.654:INFO:CONSOLE(8)] "page is loaded after 0.497 seconds", source: https://dhtiece9044ep.cloudfront.net/package/run_js/c85af7ab00313a390acc8239c61ce4102b07323628ccaa417cae8be826f5785d/xfalse/x14 (8)
[0703/153314.113:INFO:CONSOLE(0)] "Autofocus processing was blocked because a document already has a focused element.", source: https://www.google.com/?gws_rd=ssl (0)
