[0702/045349.502:INFO:CONSOLE(0)] "Error with Permissions-Policy header: Unrecognized feature: 'interest-cohort'.", source:  (0)
[0702/045408.171:INFO:CONSOLE(8)] "page is loaded after 0.929 seconds", source: https://dhtiece9044ep.cloudfront.net/package/run_js/b1c1e2d2775e986684554b16961a98fbe9a9705b2dc94e2a653152f481f262dd/xfalse/x14 (8)
[0702/045515.165:INFO:CONSOLE(8)] "page is loaded after 0.608 seconds", source: https://dhtiece9044ep.cloudfront.net/package/run_js/b1c1e2d2775e986684554b16961a98fbe9a9705b2dc94e2a653152f481f262dd/xfalse/x14 (8)
[0702/050557.512:INFO:CONSOLE(8)] "page is loaded after 0.658 seconds", source: https://dhtiece9044ep.cloudfront.net/package/run_js/b1c1e2d2775e986684554b16961a98fbe9a9705b2dc94e2a653152f481f262dd/xfalse/x14 (8)
[0702/051011.079:INFO:CONSOLE(8)] "page is loaded after 0.426 seconds", source: https://dhtiece9044ep.cloudfront.net/package/run_js/b1c1e2d2775e986684554b16961a98fbe9a9705b2dc94e2a653152f481f262dd/xfalse/x14 (8)
[0702/051057.049:INFO:CONSOLE(8)] "page is loaded after 0.472 seconds", source: https://dhtiece9044ep.cloudfront.net/package/run_js/b1c1e2d2775e986684554b16961a98fbe9a9705b2dc94e2a653152f481f262dd/xfalse/x14 (8)
[0702/051349.785:INFO:CONSOLE(8)] "page is loaded after 0.474 seconds", source: https://dhtiece9044ep.cloudfront.net/package/run_js/b1c1e2d2775e986684554b16961a98fbe9a9705b2dc94e2a653152f481f262dd/xfalse/x14 (8)
[0702/052038.684:INFO:CONSOLE(8)] "page is loaded after 0.423 seconds", source: https://dhtiece9044ep.cloudfront.net/package/run_js/b1c1e2d2775e986684554b16961a98fbe9a9705b2dc94e2a653152f481f262dd/xfalse/x14 (8)
[0702/052141.042:INFO:CONSOLE(8)] "page is loaded after 0.467 seconds", source: https://dhtiece9044ep.cloudfront.net/package/run_js/b1c1e2d2775e986684554b16961a98fbe9a9705b2dc94e2a653152f481f262dd/xfalse/x14 (8)
[0702/052244.919:INFO:CONSOLE(8)] "page is loaded after 0.45 seconds", source: https://dhtiece9044ep.cloudfront.net/package/run_js/b1c1e2d2775e986684554b16961a98fbe9a9705b2dc94e2a653152f481f262dd/xfalse/x14 (8)
[0702/052312.542:INFO:CONSOLE(8)] "page is loaded after 0.438 seconds", source: https://dhtiece9044ep.cloudfront.net/package/run_js/b1c1e2d2775e986684554b16961a98fbe9a9705b2dc94e2a653152f481f262dd/xfalse/x14 (8)
[0702/052338.861:INFO:CONSOLE(8)] "page is loaded after 0.473 seconds", source: https://dhtiece9044ep.cloudfront.net/package/run_js/b1c1e2d2775e986684554b16961a98fbe9a9705b2dc94e2a653152f481f262dd/xfalse/x14 (8)
[0702/052542.583:INFO:CONSOLE(8)] "page is loaded after 0.436 seconds", source: https://dhtiece9044ep.cloudfront.net/package/run_js/b1c1e2d2775e986684554b16961a98fbe9a9705b2dc94e2a653152f481f262dd/xfalse/x14 (8)
[0702/052605.118:INFO:CONSOLE(8)] "page is loaded after 0.409 seconds", source: https://dhtiece9044ep.cloudfront.net/package/run_js/b1c1e2d2775e986684554b16961a98fbe9a9705b2dc94e2a653152f481f262dd/xfalse/x14 (8)
[0702/052715.080:INFO:CONSOLE(8)] "page is loaded after 0.46 seconds", source: https://dhtiece9044ep.cloudfront.net/package/run_js/b1c1e2d2775e986684554b16961a98fbe9a9705b2dc94e2a653152f481f262dd/xfalse/x14 (8)
[0702/052905.208:INFO:CONSOLE(8)] "page is loaded after 0.461 seconds", source: https://dhtiece9044ep.cloudfront.net/package/run_js/b1c1e2d2775e986684554b16961a98fbe9a9705b2dc94e2a653152f481f262dd/xfalse/x14 (8)
[0702/052931.176:INFO:CONSOLE(8)] "page is loaded after 0.473 seconds", source: https://dhtiece9044ep.cloudfront.net/package/run_js/b1c1e2d2775e986684554b16961a98fbe9a9705b2dc94e2a653152f481f262dd/xfalse/x14 (8)
[0702/053150.776:INFO:CONSOLE(8)] "page is loaded after 0.438 seconds", source: https://dhtiece9044ep.cloudfront.net/package/run_js/b1c1e2d2775e986684554b16961a98fbe9a9705b2dc94e2a653152f481f262dd/xfalse/x14 (8)
[0702/053314.840:INFO:CONSOLE(8)] "page is loaded after 0.466 seconds", source: https://dhtiece9044ep.cloudfront.net/package/run_js/b1c1e2d2775e986684554b16961a98fbe9a9705b2dc94e2a653152f481f262dd/xfalse/x14 (8)
[0702/053508.087:INFO:CONSOLE(8)] "page is loaded after 0.451 seconds", source: https://dhtiece9044ep.cloudfront.net/package/run_js/b1c1e2d2775e986684554b16961a98fbe9a9705b2dc94e2a653152f481f262dd/xfalse/x14 (8)
[0702/053536.546:INFO:CONSOLE(8)] "page is loaded after 0.469 seconds", source: https://dhtiece9044ep.cloudfront.net/package/run_js/b1c1e2d2775e986684554b16961a98fbe9a9705b2dc94e2a653152f481f262dd/xfalse/x14 (8)
[0702/053712.921:INFO:CONSOLE(8)] "page is loaded after 0.451 seconds", source: https://dhtiece9044ep.cloudfront.net/package/run_js/b1c1e2d2775e986684554b16961a98fbe9a9705b2dc94e2a653152f481f262dd/xfalse/x14 (8)
[0702/053733.433:INFO:CONSOLE(8)] "page is loaded after 0.452 seconds", source: https://dhtiece9044ep.cloudfront.net/package/run_js/b1c1e2d2775e986684554b16961a98fbe9a9705b2dc94e2a653152f481f262dd/xfalse/x14 (8)
[0702/053743.635:INFO:CONSOLE(8)] "page is loaded after 0.47 seconds", source: https://dhtiece9044ep.cloudfront.net/package/run_js/b1c1e2d2775e986684554b16961a98fbe9a9705b2dc94e2a653152f481f262dd/xfalse/x14 (8)
[0702/053801.594:INFO:CONSOLE(8)] "page is loaded after 0.504 seconds", source: https://dhtiece9044ep.cloudfront.net/package/run_js/b1c1e2d2775e986684554b16961a98fbe9a9705b2dc94e2a653152f481f262dd/xfalse/x14 (8)
[0702/053818.145:INFO:CONSOLE(8)] "page is loaded after 0.488 seconds", source: https://dhtiece9044ep.cloudfront.net/package/run_js/b1c1e2d2775e986684554b16961a98fbe9a9705b2dc94e2a653152f481f262dd/xfalse/x14 (8)
[0702/053835.875:INFO:CONSOLE(8)] "page is loaded after 0.462 seconds", source: https://dhtiece9044ep.cloudfront.net/package/run_js/b1c1e2d2775e986684554b16961a98fbe9a9705b2dc94e2a653152f481f262dd/xfalse/x14 (8)
[0702/054049.613:INFO:CONSOLE(8)] "page is loaded after 0.456 seconds", source: https://dhtiece9044ep.cloudfront.net/package/run_js/b1c1e2d2775e986684554b16961a98fbe9a9705b2dc94e2a653152f481f262dd/xfalse/x14 (8)
[0702/054059.298:INFO:CONSOLE(8)] "page is loaded after 0.471 seconds", source: https://dhtiece9044ep.cloudfront.net/package/run_js/b1c1e2d2775e986684554b16961a98fbe9a9705b2dc94e2a653152f481f262dd/xfalse/x14 (8)
[0702/054119.255:INFO:CONSOLE(8)] "page is loaded after 0.448 seconds", source: https://dhtiece9044ep.cloudfront.net/package/run_js/b1c1e2d2775e986684554b16961a98fbe9a9705b2dc94e2a653152f481f262dd/xfalse/x14 (8)
[0702/054142.033:INFO:CONSOLE(8)] "page is loaded after 0.451 seconds", source: https://dhtiece9044ep.cloudfront.net/package/run_js/b1c1e2d2775e986684554b16961a98fbe9a9705b2dc94e2a653152f481f262dd/xfalse/x14 (8)
[0702/054153.984:INFO:CONSOLE(8)] "page is loaded after 0.432 seconds", source: https://dhtiece9044ep.cloudfront.net/package/run_js/b1c1e2d2775e986684554b16961a98fbe9a9705b2dc94e2a653152f481f262dd/xfalse/x14 (8)
[0702/054251.755:INFO:CONSOLE(8)] "page is loaded after 0.436 seconds", source: https://dhtiece9044ep.cloudfront.net/package/run_js/b1c1e2d2775e986684554b16961a98fbe9a9705b2dc94e2a653152f481f262dd/xfalse/x14 (8)
[0702/054514.357:INFO:CONSOLE(8)] "page is loaded after 0.487 seconds", source: https://dhtiece9044ep.cloudfront.net/package/run_js/b1c1e2d2775e986684554b16961a98fbe9a9705b2dc94e2a653152f481f262dd/xfalse/x14 (8)
[0702/055435.643:INFO:CONSOLE(8)] "page is loaded after 0.594 seconds", source: https://dhtiece9044ep.cloudfront.net/package/run_js/b1c1e2d2775e986684554b16961a98fbe9a9705b2dc94e2a653152f481f262dd/xfalse/x14 (8)
[0702/055542.551:INFO:CONSOLE(8)] "page is loaded after 0.44 seconds", source: https://dhtiece9044ep.cloudfront.net/package/run_js/b1c1e2d2775e986684554b16961a98fbe9a9705b2dc94e2a653152f481f262dd/xfalse/x14 (8)
[0702/055708.877:INFO:CONSOLE(8)] "page is loaded after 0.445 seconds", source: https://dhtiece9044ep.cloudfront.net/package/run_js/b1c1e2d2775e986684554b16961a98fbe9a9705b2dc94e2a653152f481f262dd/xfalse/x14 (8)
[0702/055730.160:INFO:CONSOLE(8)] "page is loaded after 0.436 seconds", source: https://dhtiece9044ep.cloudfront.net/package/run_js/b1c1e2d2775e986684554b16961a98fbe9a9705b2dc94e2a653152f481f262dd/xfalse/x14 (8)
[0702/055927.766:ERROR:gpu_init.cc(440)] Passthrough is not supported, GL is disabled
[0702/060150.266:INFO:CONSOLE(8)] "page is loaded after 0.47 seconds", source: https://dhtiece9044ep.cloudfront.net/package/run_js/b1c1e2d2775e986684554b16961a98fbe9a9705b2dc94e2a653152f481f262dd/xfalse/x14 (8)
[0702/060243.677:INFO:CONSOLE(8)] "page is loaded after 0.443 seconds", source: https://dhtiece9044ep.cloudfront.net/package/run_js/b1c1e2d2775e986684554b16961a98fbe9a9705b2dc94e2a653152f481f262dd/xfalse/x14 (8)
[0702/060411.484:INFO:CONSOLE(8)] "page is loaded after 0.457 seconds", source: https://dhtiece9044ep.cloudfront.net/package/run_js/b1c1e2d2775e986684554b16961a98fbe9a9705b2dc94e2a653152f481f262dd/xfalse/x14 (8)
[0702/060446.889:INFO:CONSOLE(8)] "page is loaded after 0.46 seconds", source: https://dhtiece9044ep.cloudfront.net/package/run_js/b1c1e2d2775e986684554b16961a98fbe9a9705b2dc94e2a653152f481f262dd/xfalse/x14 (8)
[0702/060458.127:INFO:CONSOLE(8)] "page is loaded after 0.455 seconds", source: https://dhtiece9044ep.cloudfront.net/package/run_js/b1c1e2d2775e986684554b16961a98fbe9a9705b2dc94e2a653152f481f262dd/xfalse/x14 (8)
[0702/061735.151:INFO:CONSOLE(8)] "page is loaded after 0.487 seconds", source: https://dhtiece9044ep.cloudfront.net/package/run_js/b1c1e2d2775e986684554b16961a98fbe9a9705b2dc94e2a653152f481f262dd/xfalse/x14 (8)
[0702/061903.993:INFO:CONSOLE(8)] "page is loaded after 0.478 seconds", source: https://dhtiece9044ep.cloudfront.net/package/run_js/b1c1e2d2775e986684554b16961a98fbe9a9705b2dc94e2a653152f481f262dd/xfalse/x14 (8)
[0702/061925.703:INFO:CONSOLE(8)] "page is loaded after 0.468 seconds", source: https://dhtiece9044ep.cloudfront.net/package/run_js/b1c1e2d2775e986684554b16961a98fbe9a9705b2dc94e2a653152f481f262dd/xfalse/x14 (8)
[0702/062040.550:INFO:CONSOLE(8)] "page is loaded after 0.532 seconds", source: https://dhtiece9044ep.cloudfront.net/package/run_js/b1c1e2d2775e986684554b16961a98fbe9a9705b2dc94e2a653152f481f262dd/xfalse/x14 (8)
[0702/062238.180:ERROR:gpu_init.cc(440)] Passthrough is not supported, GL is disabled
[0702/062757.471:INFO:CONSOLE(8)] "page is loaded after 0.433 seconds", source: https://dhtiece9044ep.cloudfront.net/package/run_js/b1c1e2d2775e986684554b16961a98fbe9a9705b2dc94e2a653152f481f262dd/xfalse/x14 (8)
[0702/063509.021:ERROR:cache_util_win.cc(20)] Unable to move the cache: Access is denied. (0x5)
[0702/063509.022:ERROR:cache_util.cc(144)] Unable to move cache folder GPUCache to old_GPUCache_000
[0702/063509.022:ERROR:disk_cache.cc(184)] Unable to create cache
[0702/063509.022:ERROR:shader_disk_cache.cc(606)] Shader Cache Creation failed: -2
[0702/063510.937:INFO:CONSOLE(8)] "page is loaded after 0.49 seconds", source: https://dhtiece9044ep.cloudfront.net/package/run_js/b1c1e2d2775e986684554b16961a98fbe9a9705b2dc94e2a653152f481f262dd/xfalse/x14 (8)
[0702/063511.299:INFO:CONSOLE(8)] "page is loaded after 0.49 seconds", source: https://dhtiece9044ep.cloudfront.net/package/run_js/b1c1e2d2775e986684554b16961a98fbe9a9705b2dc94e2a653152f481f262dd/xfalse/x14 (8)
[0702/063517.240:INFO:CONSOLE(8)] "page is loaded after 0.475 seconds", source: https://dhtiece9044ep.cloudfront.net/package/run_js/b1c1e2d2775e986684554b16961a98fbe9a9705b2dc94e2a653152f481f262dd/xfalse/x14 (8)
[0702/063646.409:INFO:CONSOLE(8)] "page is loaded after 0.523 seconds", source: https://dhtiece9044ep.cloudfront.net/package/run_js/b1c1e2d2775e986684554b16961a98fbe9a9705b2dc94e2a653152f481f262dd/xfalse/x14 (8)
[0702/063818.795:INFO:CONSOLE(8)] "page is loaded after 0.437 seconds", source: https://dhtiece9044ep.cloudfront.net/package/run_js/b1c1e2d2775e986684554b16961a98fbe9a9705b2dc94e2a653152f481f262dd/xfalse/x14 (8)
[0702/063933.659:INFO:CONSOLE(8)] "page is loaded after 0.476 seconds", source: https://dhtiece9044ep.cloudfront.net/package/run_js/b1c1e2d2775e986684554b16961a98fbe9a9705b2dc94e2a653152f481f262dd/xfalse/x14 (8)
[0702/064131.272:ERROR:gpu_init.cc(440)] Passthrough is not supported, GL is disabled
[0702/064139.591:INFO:CONSOLE(8)] "page is loaded after 0.415 seconds", source: https://dhtiece9044ep.cloudfront.net/package/run_js/b1c1e2d2775e986684554b16961a98fbe9a9705b2dc94e2a653152f481f262dd/xfalse/x14 (8)
[0702/160359.991:INFO:CONSOLE(8)] "page is loaded after 0.567 seconds", source: https://dhtiece9044ep.cloudfront.net/package/run_js/512e5935e2ec9d5aed002777b5d18bf4135ec0f3c51b4b47771afd06687b4da6/xfalse/x14 (8)
[0702/160557.125:ERROR:gpu_init.cc(440)] Passthrough is not supported, GL is disabled
[0702/161911.880:INFO:CONSOLE(8)] "page is loaded after 0.603 seconds", source: https://dhtiece9044ep.cloudfront.net/package/run_js/512e5935e2ec9d5aed002777b5d18bf4135ec0f3c51b4b47771afd06687b4da6/xfalse/x14 (8)
[0702/162109.332:ERROR:gpu_init.cc(440)] Passthrough is not supported, GL is disabled
[0702/183610.291:INFO:CONSOLE(8)] "page is loaded after 0.657 seconds", source: https://dhtiece9044ep.cloudfront.net/package/run_js/c85af7ab00313a390acc8239c61ce4102b07323628ccaa417cae8be826f5785d/xfalse/x14 (8)
[0702/183623.511:INFO:CONSOLE(8)] "page is loaded after 0.424 seconds", source: https://dhtiece9044ep.cloudfront.net/package/run_js/c85af7ab00313a390acc8239c61ce4102b07323628ccaa417cae8be826f5785d/xfalse/x14 (8)
[0702/183653.231:INFO:CONSOLE(8)] "page is loaded after 0.451 seconds", source: https://dhtiece9044ep.cloudfront.net/package/run_js/c85af7ab00313a390acc8239c61ce4102b07323628ccaa417cae8be826f5785d/xfalse/x14 (8)
[0702/184730.168:INFO:CONSOLE(8)] "page is loaded after 0.596 seconds", source: https://dhtiece9044ep.cloudfront.net/package/run_js/c85af7ab00313a390acc8239c61ce4102b07323628ccaa417cae8be826f5785d/xfalse/x14 (8)
[0702/184927.687:ERROR:gpu_init.cc(440)] Passthrough is not supported, GL is disabled
[0702/185719.961:INFO:CONSOLE(8)] "page is loaded after 0.614 seconds", source: https://dhtiece9044ep.cloudfront.net/package/run_js/c85af7ab00313a390acc8239c61ce4102b07323628ccaa417cae8be826f5785d/xfalse/x14 (8)
[0702/190848.227:INFO:CONSOLE(8)] "page is loaded after 0.588 seconds", source: https://dhtiece9044ep.cloudfront.net/package/run_js/c85af7ab00313a390acc8239c61ce4102b07323628ccaa417cae8be826f5785d/xfalse/x14 (8)
[0702/191045.604:ERROR:gpu_init.cc(440)] Passthrough is not supported, GL is disabled
[0702/191152.795:INFO:CONSOLE(8)] "page is loaded after 0.565 seconds", source: https://dhtiece9044ep.cloudfront.net/package/run_js/c85af7ab00313a390acc8239c61ce4102b07323628ccaa417cae8be826f5785d/xfalse/x14 (8)
[0702/223911.149:INFO:CONSOLE(8)] "page is loaded after 0.639 seconds", source: https://dhtiece9044ep.cloudfront.net/package/run_js/c85af7ab00313a390acc8239c61ce4102b07323628ccaa417cae8be826f5785d/xfalse/x14 (8)
[0702/224347.754:INFO:CONSOLE(8)] "page is loaded after 0.611 seconds", source: https://dhtiece9044ep.cloudfront.net/package/run_js/c85af7ab00313a390acc8239c61ce4102b07323628ccaa417cae8be826f5785d/xfalse/x14 (8)
[0702/224446.437:INFO:CONSOLE(8)] "page is loaded after 0.426 seconds", source: https://dhtiece9044ep.cloudfront.net/package/run_js/c85af7ab00313a390acc8239c61ce4102b07323628ccaa417cae8be826f5785d/xfalse/x14 (8)
[0702/225451.198:INFO:CONSOLE(8)] "page is loaded after 1.406 seconds", source: https://dhtiece9044ep.cloudfront.net/package/run_js/c85af7ab00313a390acc8239c61ce4102b07323628ccaa417cae8be826f5785d/xfalse/x14 (8)
[0702/231735.824:INFO:CONSOLE(8)] "page is loaded after 1.001 seconds", source: https://dhtiece9044ep.cloudfront.net/package/run_js/c85af7ab00313a390acc8239c61ce4102b07323628ccaa417cae8be826f5785d/xfalse/x14 (8)
[0702/231821.561:INFO:CONSOLE(8)] "PLEASE REFRESH: last change 5731358981 5731354822", source: https://dhtiece9044ep.cloudfront.net/package/run_js/c85af7ab00313a390acc8239c61ce4102b07323628ccaa417cae8be826f5785d/xfalse/x14 (8)
[0702/231823.851:INFO:CONSOLE(8)] "page is loaded after 1.134 seconds", source: https://dhtiece9044ep.cloudfront.net/package/run_js/c85af7ab00313a390acc8239c61ce4102b07323628ccaa417cae8be826f5785d/xfalse/x14 (8)
[0702/231914.764:INFO:CONSOLE(8)] "PLEASE REFRESH: last change 5731362904 5731358981", source: https://dhtiece9044ep.cloudfront.net/package/run_js/c85af7ab00313a390acc8239c61ce4102b07323628ccaa417cae8be826f5785d/xfalse/x14 (8)
[0702/231917.024:INFO:CONSOLE(8)] "page is loaded after 1.239 seconds", source: https://dhtiece9044ep.cloudfront.net/package/run_js/c85af7ab00313a390acc8239c61ce4102b07323628ccaa417cae8be826f5785d/xfalse/x14 (8)
[0702/231933.088:ERROR:gpu_init.cc(440)] Passthrough is not supported, GL is disabled
[0702/231935.317:INFO:CONSOLE(8)] "PLEASE REFRESH: last change 5731364386 5731362904", source: https://dhtiece9044ep.cloudfront.net/package/run_js/c85af7ab00313a390acc8239c61ce4102b07323628ccaa417cae8be826f5785d/xfalse/x14 (8)
[0702/231937.480:INFO:CONSOLE(8)] "page is loaded after 1.117 seconds", source: https://dhtiece9044ep.cloudfront.net/package/run_js/c85af7ab00313a390acc8239c61ce4102b07323628ccaa417cae8be826f5785d/xfalse/x14 (8)
[0702/232000.268:INFO:CONSOLE(8)] "PLEASE REFRESH: last change 5731366427 5731364386", source: https://dhtiece9044ep.cloudfront.net/package/run_js/c85af7ab00313a390acc8239c61ce4102b07323628ccaa417cae8be826f5785d/xfalse/x14 (8)
[0702/232003.085:INFO:CONSOLE(8)] "page is loaded after 1.66 seconds", source: https://dhtiece9044ep.cloudfront.net/package/run_js/c85af7ab00313a390acc8239c61ce4102b07323628ccaa417cae8be826f5785d/xfalse/x14 (8)
[0702/232028.842:INFO:CONSOLE(8)] "PLEASE REFRESH: last change 5731368366 5731366427", source: https://dhtiece9044ep.cloudfront.net/package/run_js/c85af7ab00313a390acc8239c61ce4102b07323628ccaa417cae8be826f5785d/xfalse/x14 (8)
[0702/232031.618:INFO:CONSOLE(8)] "page is loaded after 1.707 seconds", source: https://dhtiece9044ep.cloudfront.net/package/run_js/c85af7ab00313a390acc8239c61ce4102b07323628ccaa417cae8be826f5785d/xfalse/x14 (8)
[0702/232826.943:INFO:CONSOLE(8)] "PLEASE REFRESH: last change 5731412934 5731368366", source: https://dhtiece9044ep.cloudfront.net/package/run_js/c85af7ab00313a390acc8239c61ce4102b07323628ccaa417cae8be826f5785d/xfalse/x14 (8)
[0702/232829.482:INFO:CONSOLE(8)] "Private field '#elementID' must be declared in an enclosing class
    at eval (PLUGIN_Toolbox-action--Run-javascript-.js:3:51)
    at root (https://admintu.com/start:1:1)

 [object Object]", source: https://dhtiece9044ep.cloudfront.net/package/run_js/c85af7ab00313a390acc8239c61ce4102b07323628ccaa417cae8be826f5785d/xfalse/x14 (8)
[0702/232829.621:INFO:CONSOLE(8)] "page is loaded after 1.374 seconds", source: https://dhtiece9044ep.cloudfront.net/package/run_js/c85af7ab00313a390acc8239c61ce4102b07323628ccaa417cae8be826f5785d/xfalse/x14 (8)
[0702/232958.335:INFO:CONSOLE(8)] "PLEASE REFRESH: last change 5731421425 5731412934", source: https://dhtiece9044ep.cloudfront.net/package/run_js/c85af7ab00313a390acc8239c61ce4102b07323628ccaa417cae8be826f5785d/xfalse/x14 (8)
[0702/233000.599:INFO:CONSOLE(8)] "Private field '#elementID' must be declared in an enclosing class
    at eval (PLUGIN_Toolbox-action--Run-javascript-.js:3:51)
    at root (https://admintu.com/start:1:1)

 [object Object]", source: https://dhtiece9044ep.cloudfront.net/package/run_js/c85af7ab00313a390acc8239c61ce4102b07323628ccaa417cae8be826f5785d/xfalse/x14 (8)
[0702/233000.732:INFO:CONSOLE(8)] "page is loaded after 1.26 seconds", source: https://dhtiece9044ep.cloudfront.net/package/run_js/c85af7ab00313a390acc8239c61ce4102b07323628ccaa417cae8be826f5785d/xfalse/x14 (8)
[0702/233029.952:INFO:CONSOLE(8)] "PLEASE REFRESH: last change 5731423662 5731421425", source: https://dhtiece9044ep.cloudfront.net/package/run_js/c85af7ab00313a390acc8239c61ce4102b07323628ccaa417cae8be826f5785d/xfalse/x14 (8)
[0702/233032.112:INFO:CONSOLE(8)] "Private field '#elementID' must be declared in an enclosing class
    at eval (PLUGIN_Toolbox-action--Run-javascript-.js:3:51)
    at root (https://admintu.com/start:1:1)

 [object Object]", source: https://dhtiece9044ep.cloudfront.net/package/run_js/c85af7ab00313a390acc8239c61ce4102b07323628ccaa417cae8be826f5785d/xfalse/x14 (8)
[0702/233032.253:INFO:CONSOLE(8)] "page is loaded after 1.228 seconds", source: https://dhtiece9044ep.cloudfront.net/package/run_js/c85af7ab00313a390acc8239c61ce4102b07323628ccaa417cae8be826f5785d/xfalse/x14 (8)
[0702/233042.294:INFO:CONSOLE(8)] "PLEASE REFRESH: last change 5731424784 5731423662", source: https://dhtiece9044ep.cloudfront.net/package/run_js/c85af7ab00313a390acc8239c61ce4102b07323628ccaa417cae8be826f5785d/xfalse/x14 (8)
[0702/233044.637:INFO:CONSOLE(8)] "Private field '#elementID' must be declared in an enclosing class
    at eval (PLUGIN_Toolbox-action--Run-javascript-.js:3:51)
    at root (https://admintu.com/start:1:1)

 [object Object]", source: https://dhtiece9044ep.cloudfront.net/package/run_js/c85af7ab00313a390acc8239c61ce4102b07323628ccaa417cae8be826f5785d/xfalse/x14 (8)
[0702/233044.782:INFO:CONSOLE(8)] "page is loaded after 1.17 seconds", source: https://dhtiece9044ep.cloudfront.net/package/run_js/c85af7ab00313a390acc8239c61ce4102b07323628ccaa417cae8be826f5785d/xfalse/x14 (8)
[0702/233345.989:INFO:CONSOLE(8)] "PLEASE REFRESH: last change 5731442472 5731424784", source: https://dhtiece9044ep.cloudfront.net/package/run_js/c85af7ab00313a390acc8239c61ce4102b07323628ccaa417cae8be826f5785d/xfalse/x14 (8)
[0702/233348.451:INFO:CONSOLE(8)] "Private field '#elementID' must be declared in an enclosing class
    at eval (PLUGIN_Toolbox-action--Run-javascript-.js:3:51)
    at root (https://admintu.com/start:1:1)

 [object Object]", source: https://dhtiece9044ep.cloudfront.net/package/run_js/c85af7ab00313a390acc8239c61ce4102b07323628ccaa417cae8be826f5785d/xfalse/x14 (8)
[0702/233348.605:INFO:CONSOLE(8)] "page is loaded after 1.26 seconds", source: https://dhtiece9044ep.cloudfront.net/package/run_js/c85af7ab00313a390acc8239c61ce4102b07323628ccaa417cae8be826f5785d/xfalse/x14 (8)
[0702/233812.049:INFO:CONSOLE(8)] "PLEASE REFRESH: last change 5731466319 5731442472", source: https://dhtiece9044ep.cloudfront.net/package/run_js/c85af7ab00313a390acc8239c61ce4102b07323628ccaa417cae8be826f5785d/xfalse/x14 (8)
[0702/233814.479:INFO:CONSOLE(8)] "page is loaded after 1.327 seconds", source: https://dhtiece9044ep.cloudfront.net/package/run_js/c85af7ab00313a390acc8239c61ce4102b07323628ccaa417cae8be826f5785d/xfalse/x14 (8)
[0702/233904.873:INFO:CONSOLE(8)] "PLEASE REFRESH: last change 5731472346 5731466319", source: https://dhtiece9044ep.cloudfront.net/package/run_js/c85af7ab00313a390acc8239c61ce4102b07323628ccaa417cae8be826f5785d/xfalse/x14 (8)
[0702/233907.227:INFO:CONSOLE(8)] "page is loaded after 1.173 seconds", source: https://dhtiece9044ep.cloudfront.net/package/run_js/c85af7ab00313a390acc8239c61ce4102b07323628ccaa417cae8be826f5785d/xfalse/x14 (8)
[0702/234009.575:INFO:CONSOLE(8)] "PLEASE REFRESH: last change 5731478612 5731472346", source: https://dhtiece9044ep.cloudfront.net/package/run_js/c85af7ab00313a390acc8239c61ce4102b07323628ccaa417cae8be826f5785d/xfalse/x14 (8)
[0702/234011.785:INFO:CONSOLE(8)] "Unexpected token '.'
    at eval (PLUGIN_Toolbox-action--Run-javascript-.js:3:51)
    at root (https://admintu.com/start:2:1)

 [object Object]", source: https://dhtiece9044ep.cloudfront.net/package/run_js/c85af7ab00313a390acc8239c61ce4102b07323628ccaa417cae8be826f5785d/xfalse/x14 (8)
[0702/234011.933:INFO:CONSOLE(8)] "page is loaded after 1.17 seconds", source: https://dhtiece9044ep.cloudfront.net/package/run_js/c85af7ab00313a390acc8239c61ce4102b07323628ccaa417cae8be826f5785d/xfalse/x14 (8)
[0702/235053.530:INFO:CONSOLE(8)] "Unexpected token '.'
    at eval (PLUGIN_Toolbox-action--Run-javascript-.js:3:51)
    at root (https://admintu.com/start:2:1)

 [object Object]", source: https://dhtiece9044ep.cloudfront.net/package/run_js/c85af7ab00313a390acc8239c61ce4102b07323628ccaa417cae8be826f5785d/xfalse/x14 (8)
[0702/235053.670:INFO:CONSOLE(8)] "page is loaded after 0.423 seconds", source: https://dhtiece9044ep.cloudfront.net/package/run_js/c85af7ab00313a390acc8239c61ce4102b07323628ccaa417cae8be826f5785d/xfalse/x14 (8)
[0702/235128.082:INFO:CONSOLE(8)] "PLEASE REFRESH: last change 5731539883 5731478612", source: https://dhtiece9044ep.cloudfront.net/package/run_js/c85af7ab00313a390acc8239c61ce4102b07323628ccaa417cae8be826f5785d/xfalse/x14 (8)
[0702/235130.541:INFO:CONSOLE(8)] "page is loaded after 1.318 seconds", source: https://dhtiece9044ep.cloudfront.net/package/run_js/c85af7ab00313a390acc8239c61ce4102b07323628ccaa417cae8be826f5785d/xfalse/x14 (8)
[0702/235235.102:INFO:CONSOLE(8)] "page is loaded after 0.422 seconds", source: https://dhtiece9044ep.cloudfront.net/package/run_js/c85af7ab00313a390acc8239c61ce4102b07323628ccaa417cae8be826f5785d/xfalse/x14 (8)
[0703/001009.597:INFO:CONSOLE(8)] "PLEASE REFRESH: last change 5731623336 5731539883", source: https://dhtiece9044ep.cloudfront.net/package/run_js/c85af7ab00313a390acc8239c61ce4102b07323628ccaa417cae8be826f5785d/xfalse/x14 (8)
[0703/001012.025:INFO:CONSOLE(8)] "page is loaded after 1.339 seconds", source: https://dhtiece9044ep.cloudfront.net/package/run_js/c85af7ab00313a390acc8239c61ce4102b07323628ccaa417cae8be826f5785d/xfalse/x14 (8)
[0703/001655.323:INFO:CONSOLE(8)] "page is loaded after 0.634 seconds", source: https://dhtiece9044ep.cloudfront.net/package/run_js/c85af7ab00313a390acc8239c61ce4102b07323628ccaa417cae8be826f5785d/xfalse/x14 (8)
[0703/001852.770:ERROR:gpu_init.cc(440)] Passthrough is not supported, GL is disabled
[0703/004833.241:INFO:CONSOLE(8)] "page is loaded after 0.743 seconds", source: https://dhtiece9044ep.cloudfront.net/package/run_js/c85af7ab00313a390acc8239c61ce4102b07323628ccaa417cae8be826f5785d/xfalse/x14 (8)
[0703/011947.619:INFO:CONSOLE(8)] "page is loaded after 0.723 seconds", source: https://dhtiece9044ep.cloudfront.net/package/run_js/c85af7ab00313a390acc8239c61ce4102b07323628ccaa417cae8be826f5785d/xfalse/x14 (8)
[0703/033307.916:INFO:CONSOLE(8)] "page is loaded after 1.058 seconds", source: https://dhtiece9044ep.cloudfront.net/package/run_js/c85af7ab00313a390acc8239c61ce4102b07323628ccaa417cae8be826f5785d/xfalse/x14 (8)
[0703/033324.022:INFO:CONSOLE(8)] "page is loaded after 0.487 seconds", source: https://dhtiece9044ep.cloudfront.net/package/run_js/c85af7ab00313a390acc8239c61ce4102b07323628ccaa417cae8be826f5785d/xfalse/x14 (8)
[0703/033521.667:ERROR:gpu_init.cc(440)] Passthrough is not supported, GL is disabled
[0703/033552.346:INFO:CONSOLE(8)] "PLEASE REFRESH: last change 5732470650 5732454953", source: https://dhtiece9044ep.cloudfront.net/package/run_js/c85af7ab00313a390acc8239c61ce4102b07323628ccaa417cae8be826f5785d/xfalse/x14 (8)
[0703/033554.867:INFO:CONSOLE(8)] "page is loaded after 1.44 seconds", source: https://dhtiece9044ep.cloudfront.net/package/run_js/c85af7ab00313a390acc8239c61ce4102b07323628ccaa417cae8be826f5785d/xfalse/x14 (8)
[0703/034204.219:INFO:CONSOLE(8)] "page is loaded after 0.587 seconds", source: https://dhtiece9044ep.cloudfront.net/package/run_js/c85af7ab00313a390acc8239c61ce4102b07323628ccaa417cae8be826f5785d/xfalse/x14 (8)
[0703/034224.707:INFO:CONSOLE(8)] "page is loaded after 0.454 seconds", source: https://dhtiece9044ep.cloudfront.net/package/run_js/c85af7ab00313a390acc8239c61ce4102b07323628ccaa417cae8be826f5785d/xfalse/x14 (8)
[0703/034711.679:INFO:CONSOLE(8)] "page is loaded after 0.652 seconds", source: https://dhtiece9044ep.cloudfront.net/package/run_js/c85af7ab00313a390acc8239c61ce4102b07323628ccaa417cae8be826f5785d/xfalse/x14 (8)
[0703/035431.873:INFO:CONSOLE(8)] "page is loaded after 0.634 seconds", source: https://dhtiece9044ep.cloudfront.net/package/run_js/c85af7ab00313a390acc8239c61ce4102b07323628ccaa417cae8be826f5785d/xfalse/x14 (8)
[0703/061532.413:INFO:CONSOLE(0)] "Autofocus processing was blocked because a document already has a focused element.", source: https://www.google.no/?gws_rd=ssl (0)
[0703/062052.459:INFO:CONSOLE(8)] "page is loaded after 0.583 seconds", source: https://dhtiece9044ep.cloudfront.net/package/run_js/c85af7ab00313a390acc8239c61ce4102b07323628ccaa417cae8be826f5785d/xfalse/x14 (8)
[0703/062133.065:INFO:CONSOLE(8)] "page is loaded after 0.454 seconds", source: https://dhtiece9044ep.cloudfront.net/package/run_js/c85af7ab00313a390acc8239c61ce4102b07323628ccaa417cae8be826f5785d/xfalse/x14 (8)
[0705/010430.326:ERROR:gpu_init.cc(440)] Passthrough is not supported, GL is disabled
[0708/011215.270:INFO:CONSOLE(1)] "OneSignal: Using fallback ES5 Stub for backwards compatibility.", source: https://cdn.onesignal.com/sdks/OneSignalSDK.js (1)
[0708/011215.572:INFO:CONSOLE(8)] "page is loaded after 0.672 seconds", source: https://dhtiece9044ep.cloudfront.net/package/run_js/1b8c4b7c4ae32c16750d6937fd95cdde17a154eb8630f1d4929833e77de96353/xfalse/x14 (8)
[0708/011224.105:INFO:CONSOLE(1)] "OneSignal: Using fallback ES5 Stub for backwards compatibility.", source: https://cdn.onesignal.com/sdks/OneSignalSDK.js (1)
[0708/011224.471:INFO:CONSOLE(8)] "page is loaded after 0.445 seconds", source: https://dhtiece9044ep.cloudfront.net/package/run_js/1b8c4b7c4ae32c16750d6937fd95cdde17a154eb8630f1d4929833e77de96353/xfalse/x14 (8)
[0708/011224.650:INFO:CONSOLE(3)] "Blocked call to navigator.vibrate because user hasn't tapped on the frame or any embedded frame yet: https://www.chromestatus.com/feature/5644273861001216.", source: PLUGIN_Device-Vibrate-action--Single-Vibration-.js (3)
[0708/015148.001:INFO:CONSOLE(1)] "OneSignal: Using fallback ES5 Stub for backwards compatibility.", source: https://cdn.onesignal.com/sdks/OneSignalSDK.js (1)
[0708/015148.172:INFO:CONSOLE(8)] "page is loaded after 0.599 seconds", source: https://dhtiece9044ep.cloudfront.net/package/run_js/1b8c4b7c4ae32c16750d6937fd95cdde17a154eb8630f1d4929833e77de96353/xfalse/x14 (8)
[0708/015158.177:INFO:CONSOLE(1)] "OneSignal: Using fallback ES5 Stub for backwards compatibility.", source: https://cdn.onesignal.com/sdks/OneSignalSDK.js (1)
[0708/015158.528:INFO:CONSOLE(8)] "page is loaded after 0.44 seconds", source: https://dhtiece9044ep.cloudfront.net/package/run_js/1b8c4b7c4ae32c16750d6937fd95cdde17a154eb8630f1d4929833e77de96353/xfalse/x14 (8)
[0708/015234.905:INFO:CONSOLE(1)] "OneSignal: Using fallback ES5 Stub for backwards compatibility.", source: https://cdn.onesignal.com/sdks/OneSignalSDK.js (1)
[0708/015235.225:INFO:CONSOLE(8)] "page is loaded after 0.767 seconds", source: https://dhtiece9044ep.cloudfront.net/package/run_js/1b8c4b7c4ae32c16750d6937fd95cdde17a154eb8630f1d4929833e77de96353/xfalse/x14 (8)
[0708/015326.881:INFO:CONSOLE(1)] "OneSignal: Using fallback ES5 Stub for backwards compatibility.", source: https://cdn.onesignal.com/sdks/OneSignalSDK.js (1)
[0708/015327.067:INFO:CONSOLE(8)] "page is loaded after 0.543 seconds", source: https://dhtiece9044ep.cloudfront.net/package/run_js/1b8c4b7c4ae32c16750d6937fd95cdde17a154eb8630f1d4929833e77de96353/xfalse/x14 (8)
[0708/015512.594:INFO:CONSOLE(8)] "PLEASE REFRESH: last change 5773168104 5773132925", source: https://dhtiece9044ep.cloudfront.net/package/run_js/1b8c4b7c4ae32c16750d6937fd95cdde17a154eb8630f1d4929833e77de96353/xfalse/x14 (8)
[0708/015514.322:INFO:CONSOLE(1)] "OneSignal: Using fallback ES5 Stub for backwards compatibility.", source: https://cdn.onesignal.com/sdks/OneSignalSDK.js (1)
[0708/015514.740:INFO:CONSOLE(8)] "page is loaded after 0.903 seconds", source: https://dhtiece9044ep.cloudfront.net/package/run_js/1b8c4b7c4ae32c16750d6937fd95cdde17a154eb8630f1d4929833e77de96353/xfalse/x14 (8)
[0708/015524.756:ERROR:gpu_init.cc(440)] Passthrough is not supported, GL is disabled
[0708/015829.945:INFO:CONSOLE(8)] "PLEASE REFRESH: last change 5773184785 5773168104", source: https://dhtiece9044ep.cloudfront.net/package/run_js/1b8c4b7c4ae32c16750d6937fd95cdde17a154eb8630f1d4929833e77de96353/xfalse/x14 (8)
[0708/015832.571:INFO:CONSOLE(1)] "OneSignal: Using fallback ES5 Stub for backwards compatibility.", source: https://cdn.onesignal.com/sdks/OneSignalSDK.js (1)
[0708/015832.989:INFO:CONSOLE(8)] "page is loaded after 1.734 seconds", source: https://dhtiece9044ep.cloudfront.net/package/run_js/1b8c4b7c4ae32c16750d6937fd95cdde17a154eb8630f1d4929833e77de96353/xfalse/x14 (8)
[0708/043459.613:INFO:CONSOLE(1)] "OneSignal: Using fallback ES5 Stub for backwards compatibility.", source: https://cdn.onesignal.com/sdks/OneSignalSDK.js (1)
[0708/043500.001:INFO:CONSOLE(8)] "page is loaded after 0.807 seconds", source: https://dhtiece9044ep.cloudfront.net/package/run_js/1b8c4b7c4ae32c16750d6937fd95cdde17a154eb8630f1d4929833e77de96353/xfalse/x14 (8)
[0708/043503.447:INFO:CONSOLE(1)] "OneSignal: Using fallback ES5 Stub for backwards compatibility.", source: https://cdn.onesignal.com/sdks/OneSignalSDK.js (1)
[0708/043503.866:INFO:CONSOLE(8)] "page is loaded after 0.494 seconds", source: https://dhtiece9044ep.cloudfront.net/package/run_js/1b8c4b7c4ae32c16750d6937fd95cdde17a154eb8630f1d4929833e77de96353/xfalse/x14 (8)
[0708/043636.646:INFO:CONSOLE(1)] "OneSignal: Using fallback ES5 Stub for backwards compatibility.", source: https://cdn.onesignal.com/sdks/OneSignalSDK.js (1)
[0708/043636.823:INFO:CONSOLE(8)] "page is loaded after 0.517 seconds", source: https://dhtiece9044ep.cloudfront.net/package/run_js/1b8c4b7c4ae32c16750d6937fd95cdde17a154eb8630f1d4929833e77de96353/xfalse/x14 (8)
[0708/043656.505:INFO:CONSOLE(1)] "OneSignal: Using fallback ES5 Stub for backwards compatibility.", source: https://cdn.onesignal.com/sdks/OneSignalSDK.js (1)
[0708/043656.918:INFO:CONSOLE(8)] "page is loaded after 0.571 seconds", source: https://dhtiece9044ep.cloudfront.net/package/run_js/1b8c4b7c4ae32c16750d6937fd95cdde17a154eb8630f1d4929833e77de96353/xfalse/x14 (8)
[0708/043707.117:INFO:CONSOLE(1)] "OneSignal: Using fallback ES5 Stub for backwards compatibility.", source: https://cdn.onesignal.com/sdks/OneSignalSDK.js (1)
[0708/043707.438:INFO:CONSOLE(8)] "page is loaded after 0.663 seconds", source: https://dhtiece9044ep.cloudfront.net/package/run_js/1b8c4b7c4ae32c16750d6937fd95cdde17a154eb8630f1d4929833e77de96353/xfalse/x14 (8)
[0708/043755.655:INFO:CONSOLE(1)] "OneSignal: Using fallback ES5 Stub for backwards compatibility.", source: https://cdn.onesignal.com/sdks/OneSignalSDK.js (1)
[0708/043755.829:INFO:CONSOLE(8)] "page is loaded after 0.565 seconds", source: https://dhtiece9044ep.cloudfront.net/package/run_js/1b8c4b7c4ae32c16750d6937fd95cdde17a154eb8630f1d4929833e77de96353/xfalse/x14 (8)
[0708/043910.209:INFO:CONSOLE(1)] "OneSignal: Using fallback ES5 Stub for backwards compatibility.", source: https://cdn.onesignal.com/sdks/OneSignalSDK.js (1)
[0708/043910.574:INFO:CONSOLE(8)] "page is loaded after 0.731 seconds", source: https://dhtiece9044ep.cloudfront.net/package/run_js/1b8c4b7c4ae32c16750d6937fd95cdde17a154eb8630f1d4929833e77de96353/xfalse/x14 (8)
[0708/044238.071:INFO:CONSOLE(1)] "OneSignal: Using fallback ES5 Stub for backwards compatibility.", source: https://cdn.onesignal.com/sdks/OneSignalSDK.js (1)
[0708/044238.245:INFO:CONSOLE(8)] "page is loaded after 0.54 seconds", source: https://dhtiece9044ep.cloudfront.net/package/run_js/1b8c4b7c4ae32c16750d6937fd95cdde17a154eb8630f1d4929833e77de96353/xfalse/x14 (8)
[0708/044246.389:INFO:CONSOLE(1)] "OneSignal: Using fallback ES5 Stub for backwards compatibility.", source: https://cdn.onesignal.com/sdks/OneSignalSDK.js (1)
[0708/044246.770:INFO:CONSOLE(8)] "page is loaded after 0.496 seconds", source: https://dhtiece9044ep.cloudfront.net/package/run_js/1b8c4b7c4ae32c16750d6937fd95cdde17a154eb8630f1d4929833e77de96353/xfalse/x14 (8)
[0708/044251.449:WARNING:sqlite_persistent_store_backend_base.cc(171)] Failed to post task from FlushAndNotifyInBackground@../../net/extras/sqlite/sqlite_persistent_store_backend_base.cc:220 to client_task_runner_.
[0708/044251.449:WARNING:sqlite_persistent_store_backend_base.cc(171)] Failed to post task from FlushAndNotifyInBackground@../../net/extras/sqlite/sqlite_persistent_store_backend_base.cc:220 to client_task_runner_.
[0708/044255.173:INFO:CONSOLE(1)] "OneSignal: Using fallback ES5 Stub for backwards compatibility.", source: https://cdn.onesignal.com/sdks/OneSignalSDK.js (1)
[0708/044255.343:INFO:CONSOLE(8)] "page is loaded after 0.433 seconds", source: https://dhtiece9044ep.cloudfront.net/package/run_js/1b8c4b7c4ae32c16750d6937fd95cdde17a154eb8630f1d4929833e77de96353/xfalse/x14 (8)
[0708/044302.125:INFO:CONSOLE(8)] "PLEASE REFRESH: last change 5774055098 5773999821", source: https://dhtiece9044ep.cloudfront.net/package/run_js/1b8c4b7c4ae32c16750d6937fd95cdde17a154eb8630f1d4929833e77de96353/xfalse/x14 (8)
[0708/044305.196:INFO:CONSOLE(1)] "OneSignal: Using fallback ES5 Stub for backwards compatibility.", source: https://cdn.onesignal.com/sdks/OneSignalSDK.js (1)
[0708/044305.476:INFO:CONSOLE(3)] "Blocked call to navigator.vibrate because user hasn't tapped on the frame or any embedded frame yet: https://www.chromestatus.com/feature/5644273861001216.", source: PLUGIN_Device-Vibrate-action--Single-Vibration-.js (3)
[0708/044305.534:INFO:CONSOLE(8)] "page is loaded after 1.068 seconds", source: https://dhtiece9044ep.cloudfront.net/package/run_js/1b8c4b7c4ae32c16750d6937fd95cdde17a154eb8630f1d4929833e77de96353/xfalse/x14 (8)
[0708/044453.467:ERROR:gpu_init.cc(440)] Passthrough is not supported, GL is disabled
[0708/044511.158:INFO:CONSOLE(1)] "OneSignal: Using fallback ES5 Stub for backwards compatibility.", source: https://cdn.onesignal.com/sdks/OneSignalSDK.js (1)
[0708/044511.327:INFO:CONSOLE(8)] "page is loaded after 0.465 seconds", source: https://dhtiece9044ep.cloudfront.net/package/run_js/1b8c4b7c4ae32c16750d6937fd95cdde17a154eb8630f1d4929833e77de96353/xfalse/x14 (8)
[0708/044511.443:INFO:CONSOLE(3)] "Blocked call to navigator.vibrate because user hasn't tapped on the frame or any embedded frame yet: https://www.chromestatus.com/feature/5644273861001216.", source: PLUGIN_Device-Vibrate-action--Single-Vibration-.js (3)
[0709/084330.149:WARNING:sqlite_persistent_store_backend_base.cc(171)] Failed to post task from FlushAndNotifyInBackground@../../net/extras/sqlite/sqlite_persistent_store_backend_base.cc:220 to client_task_runner_.
[0709/084330.149:WARNING:sqlite_persistent_store_backend_base.cc(171)] Failed to post task from FlushAndNotifyInBackground@../../net/extras/sqlite/sqlite_persistent_store_backend_base.cc:220 to client_task_runner_.
[0709/084559.921:INFO:CONSOLE(1)] "OneSignal: Using fallback ES5 Stub for backwards compatibility.", source: https://cdn.onesignal.com/sdks/OneSignalSDK.js (1)
[0709/084600.298:INFO:CONSOLE(8)] "page is loaded after 0.699 seconds", source: https://dhtiece9044ep.cloudfront.net/package/run_js/f66bbe84c465fe7e78472c995e6d836cc4119aab9005feacb3358ee0d6885dc6/xfalse/x14 (8)
[0709/084732.862:INFO:CONSOLE(1)] "OneSignal: Using fallback ES5 Stub for backwards compatibility.", source: https://cdn.onesignal.com/sdks/OneSignalSDK.js (1)
[0709/084733.311:INFO:CONSOLE(8)] "page is loaded after 0.571 seconds", source: https://dhtiece9044ep.cloudfront.net/package/run_js/f66bbe84c465fe7e78472c995e6d836cc4119aab9005feacb3358ee0d6885dc6/xfalse/x14 (8)
[0709/084959.982:INFO:CONSOLE(1)] "OneSignal: Using fallback ES5 Stub for backwards compatibility.", source: https://cdn.onesignal.com/sdks/OneSignalSDK.js (1)
[0709/085000.339:INFO:CONSOLE(8)] "page is loaded after 0.422 seconds", source: https://dhtiece9044ep.cloudfront.net/package/run_js/f66bbe84c465fe7e78472c995e6d836cc4119aab9005feacb3358ee0d6885dc6/xfalse/x14 (8)
[0709/085108.965:INFO:CONSOLE(1)] "OneSignal: Using fallback ES5 Stub for backwards compatibility.", source: https://cdn.onesignal.com/sdks/OneSignalSDK.js (1)
[0709/085109.135:INFO:CONSOLE(8)] "page is loaded after 0.412 seconds", source: https://dhtiece9044ep.cloudfront.net/package/run_js/f66bbe84c465fe7e78472c995e6d836cc4119aab9005feacb3358ee0d6885dc6/xfalse/x14 (8)
[0709/085147.326:INFO:CONSOLE(116)] "Failed fetching darkmode setting from cache TypeError: Cannot read property 'darkmode' of null", source: https://www.vg.no/ (116)
[0709/085147.634:INFO:CONSOLE(1)] "AST library loaded: 0.33.0", source: https://www.vg.no/vgc/cdn/js/libs/ast/0.33.0/ast.js (1)
[0709/085148.016:INFO:CONSOLE(1)] "Messaging without detection successfully executed.", source: https://cmp.vg.no/messagingNoTcfApi.js (1)
[0709/085148.239:INFO:CONSOLE(1)] "%cVelkommen til Konsollens Gang color: #d00; font-size: 20px;", source: https://www.vg.no/frimand-api/experiments/hovedfront/production/0a6a1f/a.js?_=1610535190000 (1)
[0709/085148.240:INFO:CONSOLE(1)] "%cLiker du å være i konsollen? Det gjør vi også. Kom å snakk med oss da vel?
Join https://discord.gg/mwaTWpHSXv font-weight: bold; color: #d00; font-size: 12px", source: https://www.vg.no/frimand-api/experiments/hovedfront/production/261212/a.js?_=1621608410000 (1)
[0709/085148.240:INFO:CONSOLE(1)] "%cLyst til å spille Tic Tac Toe? Skriv startTTT(); i console. font-weight:bold; font-size: 24px", source: https://www.vg.no/frimand-api/experiments/hovedfront/production/d5dd58/a.js?_=1620294765000 (1)
[0709/085151.190:INFO:CONSOLE(0)] "The resource https://www.vg.no/vgc/font-spesial/frimand-fonts/druk201013/DrukText-Bold-Web.woff2 was preloaded using link preload but not used within a few seconds from the window's load event. Please make sure it has an appropriate `as` value and it is preloaded intentionally.", source: https://www.vg.no/ (0)
[0709/085156.564:INFO:CONSOLE(116)] "Failed fetching darkmode setting from cache TypeError: Cannot read property 'value' of undefined", source: https://www.vg.no/ (116)
[0709/085156.685:INFO:CONSOLE(1)] "AST library loaded: 0.33.0", source: https://www.vg.no/vgc/cdn/js/libs/ast/0.33.0/ast.js (1)
[0709/085156.879:INFO:CONSOLE(1)] "Messaging without detection successfully executed.", source: https://cmp.vg.no/messagingNoTcfApi.js (1)
[0709/085156.919:INFO:CONSOLE(1)] "%cVelkommen til Konsollens Gang color: #d00; font-size: 20px;", source: https://www.vg.no/frimand-api/experiments/hovedfront/production/0a6a1f/a.js?_=1610535190000 (1)
[0709/085156.919:INFO:CONSOLE(1)] "%cLiker du å være i konsollen? Det gjør vi også. Kom å snakk med oss da vel?
Join https://discord.gg/mwaTWpHSXv font-weight: bold; color: #d00; font-size: 12px", source: https://www.vg.no/frimand-api/experiments/hovedfront/production/261212/a.js?_=1621608410000 (1)
[0709/085156.925:INFO:CONSOLE(1)] "%cLyst til å spille Tic Tac Toe? Skriv startTTT(); i console. font-weight:bold; font-size: 24px", source: https://www.vg.no/frimand-api/experiments/hovedfront/production/d5dd58/a.js?_=1620294765000 (1)
[0709/085159.484:INFO:CONSOLE(116)] "Failed fetching darkmode setting from cache TypeError: Cannot read property 'value' of undefined", source: https://www.vg.no/ (116)
[0709/085159.573:INFO:CONSOLE(1)] "AST library loaded: 0.33.0", source: https://www.vg.no/vgc/cdn/js/libs/ast/0.33.0/ast.js (1)
[0709/085159.848:INFO:CONSOLE(2)] "%cVelkommen til Konsollens Gang color: #d00; font-size: 20px;", source: https://www.vg.no/vgc/js/sentry/5.30.0/bundle.min.js (2)
[0709/085159.848:INFO:CONSOLE(2)] "%cLiker du å være i konsollen? Det gjør vi også. Kom å snakk med oss da vel?
Join https://discord.gg/mwaTWpHSXv font-weight: bold; color: #d00; font-size: 12px", source: https://www.vg.no/vgc/js/sentry/5.30.0/bundle.min.js (2)
[0709/085159.852:INFO:CONSOLE(2)] "%cLyst til å spille Tic Tac Toe? Skriv startTTT(); i console. font-weight:bold; font-size: 24px", source: https://www.vg.no/vgc/js/sentry/5.30.0/bundle.min.js (2)
[0709/085159.856:INFO:CONSOLE(2)] "Messaging without detection successfully executed.", source: https://www.vg.no/vgc/js/sentry/5.30.0/bundle.min.js (2)
[0709/085202.851:INFO:CONSOLE(0)] "The resource https://www.vg.no/vgc/font-spesial/frimand-fonts/druk201013/DrukText-Bold-Web.woff2 was preloaded using link preload but not used within a few seconds from the window's load event. Please make sure it has an appropriate `as` value and it is preloaded intentionally.", source: https://www.vg.no/ (0)
[0709/085251.320:INFO:CONSOLE(116)] "Failed fetching darkmode setting from cache TypeError: Cannot read property 'value' of undefined", source: https://www.vg.no/ (116)
[0709/085251.465:INFO:CONSOLE(1)] "AST library loaded: 0.33.0", source: https://www.vg.no/vgc/cdn/js/libs/ast/0.33.0/ast.js (1)
[0709/085251.688:INFO:CONSOLE(1)] "%cVelkommen til Konsollens Gang color: #d00; font-size: 20px;", source: https://www.vg.no/frimand-api/experiments/hovedfront/production/0a6a1f/a.js?_=1610535190000 (1)
[0709/085251.688:INFO:CONSOLE(1)] "%cLiker du å være i konsollen? Det gjør vi også. Kom å snakk med oss da vel?
Join https://discord.gg/mwaTWpHSXv font-weight: bold; color: #d00; font-size: 12px", source: https://www.vg.no/frimand-api/experiments/hovedfront/production/261212/a.js?_=1621608410000 (1)
[0709/085251.692:INFO:CONSOLE(1)] "%cLyst til å spille Tic Tac Toe? Skriv startTTT(); i console. font-weight:bold; font-size: 24px", source: https://www.vg.no/frimand-api/experiments/hovedfront/production/d5dd58/a.js?_=1620294765000 (1)
[0709/085251.695:INFO:CONSOLE(1)] "Messaging without detection successfully executed.", source: https://cmp.vg.no/messagingNoTcfApi.js (1)
[0709/085252.591:INFO:CONSOLE(116)] "Failed fetching darkmode setting from cache TypeError: Cannot read property 'value' of undefined", source: https://www.vg.no/ (116)
[0709/085252.704:INFO:CONSOLE(1)] "AST library loaded: 0.33.0", source: https://www.vg.no/vgc/cdn/js/libs/ast/0.33.0/ast.js (1)
[0709/085252.863:INFO:CONSOLE(1)] "%cVelkommen til Konsollens Gang color: #d00; font-size: 20px;", source: https://www.vg.no/frimand-api/experiments/hovedfront/production/0a6a1f/a.js?_=1610535190000 (1)
[0709/085252.864:INFO:CONSOLE(1)] "%cLiker du å være i konsollen? Det gjør vi også. Kom å snakk med oss da vel?
Join https://discord.gg/mwaTWpHSXv font-weight: bold; color: #d00; font-size: 12px", source: https://www.vg.no/frimand-api/experiments/hovedfront/production/261212/a.js?_=1621608410000 (1)
[0709/085252.868:INFO:CONSOLE(1)] "%cLyst til å spille Tic Tac Toe? Skriv startTTT(); i console. font-weight:bold; font-size: 24px", source: https://www.vg.no/frimand-api/experiments/hovedfront/production/d5dd58/a.js?_=1620294765000 (1)
[0709/085252.969:INFO:CONSOLE(1)] "Messaging without detection successfully executed.", source: https://cmp.vg.no/messagingNoTcfApi.js (1)
[0709/085255.862:INFO:CONSOLE(0)] "The resource https://www.vg.no/vgc/font-spesial/frimand-fonts/druk201013/DrukText-Bold-Web.woff2 was preloaded using link preload but not used within a few seconds from the window's load event. Please make sure it has an appropriate `as` value and it is preloaded intentionally.", source: https://www.vg.no/ (0)
[0709/085346.410:INFO:CONSOLE(1)] "OneSignal: Using fallback ES5 Stub for backwards compatibility.", source: https://cdn.onesignal.com/sdks/OneSignalSDK.js (1)
[0709/085346.661:INFO:CONSOLE(8)] "page is loaded after 0.998 seconds", source: https://dhtiece9044ep.cloudfront.net/package/run_js/f66bbe84c465fe7e78472c995e6d836cc4119aab9005feacb3358ee0d6885dc6/xfalse/x14 (8)
[0709/085552.451:INFO:CONSOLE(1)] "OneSignal: Using fallback ES5 Stub for backwards compatibility.", source: https://cdn.onesignal.com/sdks/OneSignalSDK.js (1)
[0709/085552.656:INFO:CONSOLE(8)] "page is loaded after 0.43 seconds", source: https://dhtiece9044ep.cloudfront.net/package/run_js/f66bbe84c465fe7e78472c995e6d836cc4119aab9005feacb3358ee0d6885dc6/xfalse/x14 (8)
[0709/085804.332:INFO:CONSOLE(1)] "OneSignal: Using fallback ES5 Stub for backwards compatibility.", source: https://cdn.onesignal.com/sdks/OneSignalSDK.js (1)
[0709/085804.496:INFO:CONSOLE(8)] "page is loaded after 0.453 seconds", source: https://dhtiece9044ep.cloudfront.net/package/run_js/f66bbe84c465fe7e78472c995e6d836cc4119aab9005feacb3358ee0d6885dc6/xfalse/x14 (8)
[0709/085853.733:INFO:CONSOLE(1)] "OneSignal: Using fallback ES5 Stub for backwards compatibility.", source: https://cdn.onesignal.com/sdks/OneSignalSDK.js (1)
[0709/085853.902:INFO:CONSOLE(8)] "page is loaded after 0.435 seconds", source: https://dhtiece9044ep.cloudfront.net/package/run_js/f66bbe84c465fe7e78472c995e6d836cc4119aab9005feacb3358ee0d6885dc6/xfalse/x14 (8)
[0709/152418.403:INFO:CONSOLE(1)] "OneSignal: Using fallback ES5 Stub for backwards compatibility.", source: https://cdn.onesignal.com/sdks/OneSignalSDK.js (1)
[0709/152418.652:INFO:CONSOLE(8)] "page is loaded after 1.25 seconds", source: https://dhtiece9044ep.cloudfront.net/package/run_js/f66bbe84c465fe7e78472c995e6d836cc4119aab9005feacb3358ee0d6885dc6/xfalse/x14 (8)
[0709/152433.109:INFO:CONSOLE(1)] "OneSignal: Using fallback ES5 Stub for backwards compatibility.", source: https://cdn.onesignal.com/sdks/OneSignalSDK.js (1)
[0709/152433.312:INFO:CONSOLE(8)] "page is loaded after 0.291 seconds", source: https://dhtiece9044ep.cloudfront.net/package/run_js/f66bbe84c465fe7e78472c995e6d836cc4119aab9005feacb3358ee0d6885dc6/xfalse/x14 (8)
[0709/152450.729:INFO:CONSOLE(1)] "OneSignal: Using fallback ES5 Stub for backwards compatibility.", source: https://cdn.onesignal.com/sdks/OneSignalSDK.js (1)
[0709/152450.981:INFO:CONSOLE(8)] "page is loaded after 0.818 seconds", source: https://dhtiece9044ep.cloudfront.net/package/run_js/f66bbe84c465fe7e78472c995e6d836cc4119aab9005feacb3358ee0d6885dc6/xfalse/x14 (8)
[0709/152501.852:INFO:CONSOLE(1)] "OneSignal: Using fallback ES5 Stub for backwards compatibility.", source: https://cdn.onesignal.com/sdks/OneSignalSDK.js (1)
[0709/152502.062:INFO:CONSOLE(8)] "page is loaded after 0.338 seconds", source: https://dhtiece9044ep.cloudfront.net/package/run_js/f66bbe84c465fe7e78472c995e6d836cc4119aab9005feacb3358ee0d6885dc6/xfalse/x14 (8)
[0709/152659.790:ERROR:gpu_init.cc(440)] Passthrough is not supported, GL is disabled
[0709/153904.740:INFO:CONSOLE(1)] "OneSignal: Using fallback ES5 Stub for backwards compatibility.", source: https://cdn.onesignal.com/sdks/OneSignalSDK.js (1)
[0709/153904.977:INFO:CONSOLE(8)] "page is loaded after 1.573 seconds", source: https://dhtiece9044ep.cloudfront.net/package/run_js/f66bbe84c465fe7e78472c995e6d836cc4119aab9005feacb3358ee0d6885dc6/xfalse/x14 (8)
[0709/153926.030:INFO:CONSOLE(0)] "Autofocus processing was blocked because a document already has a focused element.", source: https://www.google.com/ (0)
[0709/154125.139:ERROR:gpu_init.cc(440)] Passthrough is not supported, GL is disabled
[0709/155408.494:INFO:CONSOLE(0)] "Autofocus processing was blocked because a document already has a focused element.", source: https://www.google.com/ (0)
[0709/155447.494:INFO:CONSOLE(0)] "Autofocus processing was blocked because a document already has a focused element.", source: https://www.google.com/ (0)
[0709/161452.075:INFO:CONSOLE(0)] "Autofocus processing was blocked because a document already has a focused element.", source: https://www.google.com/ (0)
[0709/161556.601:INFO:CONSOLE(0)] "Autofocus processing was blocked because a document already has a focused element.", source: https://www.google.com/ (0)
[0709/161732.604:INFO:CONSOLE(0)] "Autofocus processing was blocked because a document already has a focused element.", source: https://www.google.com/ (0)
[0709/161844.320:INFO:CONSOLE(0)] "Autofocus processing was blocked because a document already has a focused element.", source: https://www.google.com/ (0)
[0709/162216.914:INFO:CONSOLE(0)] "Autofocus processing was blocked because a document already has a focused element.", source: https://www.google.com/ (0)
[0709/162232.218:INFO:CONSOLE(0)] "Autofocus processing was blocked because a document already has a focused element.", source: https://www.google.com/ (0)
[0709/162348.209:INFO:CONSOLE(0)] "Autofocus processing was blocked because a document already has a focused element.", source: https://www.google.com/ (0)
[0709/162535.959:INFO:CONSOLE(0)] "Autofocus processing was blocked because a document already has a focused element.", source: https://www.google.com/ (0)
[0709/162552.236:INFO:CONSOLE(0)] "Autofocus processing was blocked because a document already has a focused element.", source: https://www.google.com/ (0)
[0709/162753.089:INFO:CONSOLE(0)] "Autofocus processing was blocked because a document already has a focused element.", source: https://www.google.com/ (0)
[0709/163046.476:INFO:CONSOLE(0)] "Autofocus processing was blocked because a document already has a focused element.", source: https://www.google.com/ (0)
[0709/183847.053:ERROR:gpu_init.cc(440)] Passthrough is not supported, GL is disabled
[0709/184231.428:INFO:CONSOLE(1)] "OneSignal: Using fallback ES5 Stub for backwards compatibility.", source: https://cdn.onesignal.com/sdks/OneSignalSDK.js (1)
[0709/184231.694:INFO:CONSOLE(8)] "page is loaded after 0.643 seconds", source: https://dhtiece9044ep.cloudfront.net/package/run_js/82c1433c0506452d000a4d03dcfb2fb81ed5f6bd2ec5ed2ecb35c80b0a589417/xfalse/x14 (8)
[0709/200922.760:INFO:CONSOLE(1)] "OneSignal: Using fallback ES5 Stub for backwards compatibility.", source: https://cdn.onesignal.com/sdks/OneSignalSDK.js (1)
[0709/200923.005:INFO:CONSOLE(8)] "page is loaded after 0.607 seconds", source: https://dhtiece9044ep.cloudfront.net/package/run_js/89123511701eecf033efbc42dde8b50ce89238113300412cfdb82ce9e13b8cdb/xfalse/x14 (8)
[0709/201101.700:INFO:CONSOLE(1)] "OneSignal: Using fallback ES5 Stub for backwards compatibility.", source: https://cdn.onesignal.com/sdks/OneSignalSDK.js (1)
[0709/201101.963:INFO:CONSOLE(8)] "page is loaded after 0.413 seconds", source: https://dhtiece9044ep.cloudfront.net/package/run_js/89123511701eecf033efbc42dde8b50ce89238113300412cfdb82ce9e13b8cdb/xfalse/x14 (8)
[0709/201131.731:INFO:CONSOLE(1)] "OneSignal: Using fallback ES5 Stub for backwards compatibility.", source: https://cdn.onesignal.com/sdks/OneSignalSDK.js (1)
[0709/201131.923:INFO:CONSOLE(8)] "page is loaded after 0.321 seconds", source: https://dhtiece9044ep.cloudfront.net/package/run_js/89123511701eecf033efbc42dde8b50ce89238113300412cfdb82ce9e13b8cdb/xfalse/x14 (8)
[0709/201329.718:ERROR:gpu_init.cc(440)] Passthrough is not supported, GL is disabled
[0709/201337.079:INFO:CONSOLE(1)] "OneSignal: Using fallback ES5 Stub for backwards compatibility.", source: https://cdn.onesignal.com/sdks/OneSignalSDK.js (1)
[0709/201337.246:INFO:CONSOLE(8)] "page is loaded after 0.332 seconds", source: https://dhtiece9044ep.cloudfront.net/package/run_js/89123511701eecf033efbc42dde8b50ce89238113300412cfdb82ce9e13b8cdb/xfalse/x14 (8)
[0709/201534.712:ERROR:gpu_init.cc(440)] Passthrough is not supported, GL is disabled
[0709/202010.280:INFO:CONSOLE(1)] "OneSignal: Using fallback ES5 Stub for backwards compatibility.", source: https://cdn.onesignal.com/sdks/OneSignalSDK.js (1)
[0709/202010.545:INFO:CONSOLE(8)] "page is loaded after 0.318 seconds", source: https://dhtiece9044ep.cloudfront.net/package/run_js/89123511701eecf033efbc42dde8b50ce89238113300412cfdb82ce9e13b8cdb/xfalse/x14 (8)
[0709/202027.649:INFO:CONSOLE(1)] "OneSignal: Using fallback ES5 Stub for backwards compatibility.", source: https://cdn.onesignal.com/sdks/OneSignalSDK.js (1)
[0709/202027.838:INFO:CONSOLE(8)] "page is loaded after 0.324 seconds", source: https://dhtiece9044ep.cloudfront.net/package/run_js/89123511701eecf033efbc42dde8b50ce89238113300412cfdb82ce9e13b8cdb/xfalse/x14 (8)
[0709/202046.540:INFO:CONSOLE(1)] "OneSignal: Using fallback ES5 Stub for backwards compatibility.", source: https://cdn.onesignal.com/sdks/OneSignalSDK.js (1)
[0709/202046.729:INFO:CONSOLE(8)] "page is loaded after 0.317 seconds", source: https://dhtiece9044ep.cloudfront.net/package/run_js/89123511701eecf033efbc42dde8b50ce89238113300412cfdb82ce9e13b8cdb/xfalse/x14 (8)
[0709/202506.178:INFO:CONSOLE(1)] "OneSignal: Using fallback ES5 Stub for backwards compatibility.", source: https://cdn.onesignal.com/sdks/OneSignalSDK.js (1)
[0709/202506.427:INFO:CONSOLE(8)] "page is loaded after 1.1 seconds", source: https://dhtiece9044ep.cloudfront.net/package/run_js/89123511701eecf033efbc42dde8b50ce89238113300412cfdb82ce9e13b8cdb/xfalse/x14 (8)
[0709/202548.313:INFO:CONSOLE(1)] "OneSignal: Using fallback ES5 Stub for backwards compatibility.", source: https://cdn.onesignal.com/sdks/OneSignalSDK.js (1)
[0709/202548.511:INFO:CONSOLE(8)] "page is loaded after 0.342 seconds", source: https://dhtiece9044ep.cloudfront.net/package/run_js/89123511701eecf033efbc42dde8b50ce89238113300412cfdb82ce9e13b8cdb/xfalse/x14 (8)
[0709/202745.910:ERROR:gpu_init.cc(440)] Passthrough is not supported, GL is disabled
